{"/home/dexwip/sqlearn/sultan/backend-web/config/database.js":{"path":"/home/dexwip/sqlearn/sultan/backend-web/config/database.js","statementMap":{"0":{"start":{"line":1,"column":22},"end":{"line":1,"column":42}},"1":{"start":{"line":3,"column":18},"end":{"line":6,"column":2}},"2":{"start":{"line":8,"column":0},"end":{"line":8,"column":27}}},"fnMap":{},"branchMap":{},"s":{"0":1,"1":1,"2":1},"f":{},"b":{},"_coverageSchema":"1a1c01bbd47fc00a2c39e90264f33305004495a9","hash":"f4c008a8da2a699ab74873e4e33107662999b3eb","contentHash":"9ca3a7f1bed706e9d807c75c405a252d5169a73a4a9e6f271df6e9d9c90d396a"},"/home/dexwip/sqlearn/sultan/backend-web/app.js":{"path":"/home/dexwip/sqlearn/sultan/backend-web/app.js","statementMap":{"0":{"start":{"line":1,"column":16},"end":{"line":1,"column":34}},"1":{"start":{"line":2,"column":12},"end":{"line":2,"column":21}},"2":{"start":{"line":3,"column":13},"end":{"line":3,"column":28}},"3":{"start":{"line":4,"column":15},"end":{"line":4,"column":32}},"4":{"start":{"line":5,"column":15},"end":{"line":5,"column":41}},"5":{"start":{"line":6,"column":15},"end":{"line":6,"column":32}},"6":{"start":{"line":8,"column":0},"end":{"line":8,"column":34}},"7":{"start":{"line":10,"column":0},"end":{"line":10,"column":24}},"8":{"start":{"line":11,"column":0},"end":{"line":11,"column":16}},"9":{"start":{"line":12,"column":0},"end":{"line":12,"column":24}},"10":{"start":{"line":13,"column":0},"end":{"line":13,"column":18}},"11":{"start":{"line":15,"column":0},"end":{"line":15,"column":45}},"12":{"start":{"line":16,"column":0},"end":{"line":16,"column":53}},"13":{"start":{"line":18,"column":0},"end":{"line":20,"column":3}},"14":{"start":{"line":19,"column":4},"end":{"line":19,"column":22}},"15":{"start":{"line":22,"column":0},"end":{"line":24,"column":3}},"16":{"start":{"line":23,"column":4},"end":{"line":23,"column":42}},"17":{"start":{"line":26,"column":0},"end":{"line":26,"column":16}},"18":{"start":{"line":28,"column":0},"end":{"line":28,"column":21}}},"fnMap":{"0":{"name":"(anonymous_0)","decl":{"start":{"line":18,"column":13},"end":{"line":18,"column":14}},"loc":{"start":{"line":18,"column":27},"end":{"line":20,"column":1}},"line":18},"1":{"name":"(anonymous_1)","decl":{"start":{"line":22,"column":35},"end":{"line":22,"column":36}},"loc":{"start":{"line":22,"column":49},"end":{"line":24,"column":1}},"line":22}},"branchMap":{},"s":{"0":1,"1":1,"2":1,"3":1,"4":1,"5":1,"6":1,"7":1,"8":1,"9":1,"10":1,"11":1,"12":1,"13":1,"14":1,"15":1,"16":1,"17":1,"18":1},"f":{"0":1,"1":1},"b":{},"_coverageSchema":"1a1c01bbd47fc00a2c39e90264f33305004495a9","hash":"cb8279b5fe59dea26d61dc147e3bbf01fa1f11c6","contentHash":"b5db99834484f56c732a222f17d5da1cf9b6110908c4d7a2072bcfb1d9974bd2"},"/home/dexwip/sqlearn/sultan/backend-web/config/routes.js":{"path":"/home/dexwip/sqlearn/sultan/backend-web/config/routes.js","statementMap":{"0":{"start":{"line":1,"column":16},"end":{"line":1,"column":34}},"1":{"start":{"line":2,"column":24},"end":{"line":2,"column":64}},"2":{"start":{"line":3,"column":23},"end":{"line":3,"column":62}},"3":{"start":{"line":4,"column":19},"end":{"line":4,"column":69}},"4":{"start":{"line":5,"column":20},"end":{"line":5,"column":68}},"5":{"start":{"line":6,"column":15},"end":{"line":6,"column":31}},"6":{"start":{"line":7,"column":0},"end":{"line":7,"column":24}},"7":{"start":{"line":9,"column":0},"end":{"line":9,"column":79}},"8":{"start":{"line":10,"column":0},"end":{"line":10,"column":61}},"9":{"start":{"line":11,"column":0},"end":{"line":11,"column":70}},"10":{"start":{"line":12,"column":0},"end":{"line":12,"column":70}},"11":{"start":{"line":13,"column":0},"end":{"line":13,"column":73}},"12":{"start":{"line":14,"column":0},"end":{"line":14,"column":70}},"13":{"start":{"line":15,"column":0},"end":{"line":15,"column":24}},"14":{"start":{"line":16,"column":0},"end":{"line":16,"column":65}},"15":{"start":{"line":17,"column":0},"end":{"line":17,"column":100}},"16":{"start":{"line":18,"column":0},"end":{"line":18,"column":76}},"17":{"start":{"line":19,"column":0},"end":{"line":19,"column":73}},"18":{"start":{"line":20,"column":0},"end":{"line":20,"column":70}},"19":{"start":{"line":21,"column":0},"end":{"line":21,"column":64}}},"fnMap":{},"branchMap":{},"s":{"0":1,"1":1,"2":1,"3":1,"4":1,"5":1,"6":1,"7":1,"8":1,"9":1,"10":1,"11":1,"12":1,"13":1,"14":1,"15":1,"16":1,"17":1,"18":1,"19":1},"f":{},"b":{},"_coverageSchema":"1a1c01bbd47fc00a2c39e90264f33305004495a9","hash":"8ef5566f6e0550a3ff56f75ba9f56e55eb622540","contentHash":"e1729843526bdce7fac8ffbfe57cc74ad78b4265ff0ca17fec5566f799865b0a"},"/home/dexwip/sqlearn/sultan/backend-web/api/login/login.controller.js":{"path":"/home/dexwip/sqlearn/sultan/backend-web/api/login/login.controller.js","statementMap":{"0":{"start":{"line":1,"column":21},"end":{"line":1,"column":47}},"1":{"start":{"line":3,"column":0},"end":{"line":13,"column":2}},"2":{"start":{"line":5,"column":39},"end":{"line":5,"column":47}},"3":{"start":{"line":6,"column":31},"end":{"line":6,"column":84}},"4":{"start":{"line":7,"column":42},"end":{"line":7,"column":56}},"5":{"start":{"line":9,"column":8},"end":{"line":9,"column":89}},"6":{"start":{"line":9,"column":46},"end":{"line":9,"column":89}},"7":{"start":{"line":11,"column":8},"end":{"line":11,"column":51}}},"fnMap":{"0":{"name":"(anonymous_0)","decl":{"start":{"line":4,"column":10},"end":{"line":4,"column":11}},"loc":{"start":{"line":4,"column":30},"end":{"line":12,"column":5}},"line":4}},"branchMap":{"0":{"loc":{"start":{"line":9,"column":8},"end":{"line":9,"column":89}},"type":"if","locations":[{"start":{"line":9,"column":8},"end":{"line":9,"column":89}},{"start":{"line":9,"column":8},"end":{"line":9,"column":89}}],"line":9}},"s":{"0":1,"1":1,"2":7,"3":7,"4":7,"5":7,"6":2,"7":5},"f":{"0":7},"b":{"0":[2,5]},"_coverageSchema":"1a1c01bbd47fc00a2c39e90264f33305004495a9","hash":"5df46c7ce71cf37700b63dfd83c0943fcd090ce9","contentHash":"34c5eaabe851384384f17527925c023e3feb1112a829ebec6c039feb4311123d"},"/home/dexwip/sqlearn/sultan/backend-web/api/login/login.service.js":{"path":"/home/dexwip/sqlearn/sultan/backend-web/api/login/login.service.js","statementMap":{"0":{"start":{"line":1,"column":24},"end":{"line":1,"column":46}},"1":{"start":{"line":2,"column":29},"end":{"line":2,"column":70}},"2":{"start":{"line":3,"column":33},"end":{"line":3,"column":65}},"3":{"start":{"line":4,"column":42},"end":{"line":4,"column":75}},"4":{"start":{"line":5,"column":16},"end":{"line":5,"column":51}},"5":{"start":{"line":6,"column":13},"end":{"line":6,"column":42}},"6":{"start":{"line":9,"column":28},"end":{"line":9,"column":68}},"7":{"start":{"line":10,"column":4},"end":{"line":10,"column":100}},"8":{"start":{"line":10,"column":26},"end":{"line":10,"column":100}},"9":{"start":{"line":12,"column":16},"end":{"line":12,"column":40}},"10":{"start":{"line":13,"column":46},"end":{"line":13,"column":50}},"11":{"start":{"line":14,"column":4},"end":{"line":14,"column":55}},"12":{"start":{"line":17,"column":0},"end":{"line":49,"column":2}},"13":{"start":{"line":19,"column":8},"end":{"line":47,"column":9}},"14":{"start":{"line":20,"column":34},"end":{"line":20,"column":38}},"15":{"start":{"line":21,"column":23},"end":{"line":21,"column":80}},"16":{"start":{"line":22,"column":12},"end":{"line":22,"column":103}},"17":{"start":{"line":22,"column":22},"end":{"line":22,"column":103}},"18":{"start":{"line":24,"column":12},"end":{"line":27,"column":13}},"19":{"start":{"line":25,"column":16},"end":{"line":25,"column":102}},"20":{"start":{"line":26,"column":16},"end":{"line":26,"column":103}},"21":{"start":{"line":26,"column":26},"end":{"line":26,"column":103}},"22":{"start":{"line":29,"column":12},"end":{"line":32,"column":13}},"23":{"start":{"line":30,"column":16},"end":{"line":30,"column":102}},"24":{"start":{"line":31,"column":16},"end":{"line":31,"column":103}},"25":{"start":{"line":31,"column":26},"end":{"line":31,"column":103}},"26":{"start":{"line":34,"column":12},"end":{"line":34,"column":83}},"27":{"start":{"line":34,"column":34},"end":{"line":34,"column":83}},"28":{"start":{"line":36,"column":12},"end":{"line":36,"column":90}},"29":{"start":{"line":38,"column":23},"end":{"line":38,"column":26}},"30":{"start":{"line":39,"column":26},"end":{"line":39,"column":40}},"31":{"start":{"line":40,"column":23},"end":{"line":40,"column":27}},"32":{"start":{"line":41,"column":12},"end":{"line":44,"column":13}},"33":{"start":{"line":42,"column":16},"end":{"line":42,"column":40}},"34":{"start":{"line":43,"column":16},"end":{"line":43,"column":40}},"35":{"start":{"line":46,"column":12},"end":{"line":46,"column":70}}},"fnMap":{"0":{"name":"checkPasswordAndEncodeJwt","decl":{"start":{"line":8,"column":9},"end":{"line":8,"column":34}},"loc":{"start":{"line":8,"column":57},"end":{"line":15,"column":1}},"line":8},"1":{"name":"(anonymous_1)","decl":{"start":{"line":18,"column":20},"end":{"line":18,"column":21}},"loc":{"start":{"line":18,"column":50},"end":{"line":48,"column":5}},"line":18}},"branchMap":{"0":{"loc":{"start":{"line":10,"column":4},"end":{"line":10,"column":100}},"type":"if","locations":[{"start":{"line":10,"column":4},"end":{"line":10,"column":100}},{"start":{"line":10,"column":4},"end":{"line":10,"column":100}}],"line":10},"1":{"loc":{"start":{"line":22,"column":12},"end":{"line":22,"column":103}},"type":"if","locations":[{"start":{"line":22,"column":12},"end":{"line":22,"column":103}},{"start":{"line":22,"column":12},"end":{"line":22,"column":103}}],"line":22},"2":{"loc":{"start":{"line":24,"column":12},"end":{"line":27,"column":13}},"type":"if","locations":[{"start":{"line":24,"column":12},"end":{"line":27,"column":13}},{"start":{"line":24,"column":12},"end":{"line":27,"column":13}}],"line":24},"3":{"loc":{"start":{"line":26,"column":16},"end":{"line":26,"column":103}},"type":"if","locations":[{"start":{"line":26,"column":16},"end":{"line":26,"column":103}},{"start":{"line":26,"column":16},"end":{"line":26,"column":103}}],"line":26},"4":{"loc":{"start":{"line":29,"column":12},"end":{"line":32,"column":13}},"type":"if","locations":[{"start":{"line":29,"column":12},"end":{"line":32,"column":13}},{"start":{"line":29,"column":12},"end":{"line":32,"column":13}}],"line":29},"5":{"loc":{"start":{"line":31,"column":16},"end":{"line":31,"column":103}},"type":"if","locations":[{"start":{"line":31,"column":16},"end":{"line":31,"column":103}},{"start":{"line":31,"column":16},"end":{"line":31,"column":103}}],"line":31},"6":{"loc":{"start":{"line":34,"column":12},"end":{"line":34,"column":83}},"type":"if","locations":[{"start":{"line":34,"column":12},"end":{"line":34,"column":83}},{"start":{"line":34,"column":12},"end":{"line":34,"column":83}}],"line":34},"7":{"loc":{"start":{"line":41,"column":12},"end":{"line":44,"column":13}},"type":"if","locations":[{"start":{"line":41,"column":12},"end":{"line":44,"column":13}},{"start":{"line":41,"column":12},"end":{"line":44,"column":13}}],"line":41}},"s":{"0":1,"1":1,"2":1,"3":1,"4":1,"5":1,"6":6,"7":6,"8":1,"9":5,"10":5,"11":5,"12":1,"13":7,"14":7,"15":7,"16":7,"17":3,"18":6,"19":4,"20":4,"21":2,"22":6,"23":2,"24":2,"25":1,"26":6,"27":1,"28":5,"29":2,"30":2,"31":2,"32":2,"33":2,"34":2,"35":2},"f":{"0":6,"1":7},"b":{"0":[1,5],"1":[3,4],"2":[4,2],"3":[2,2],"4":[2,4],"5":[1,1],"6":[1,5],"7":[2,0]},"_coverageSchema":"1a1c01bbd47fc00a2c39e90264f33305004495a9","hash":"0cc30581c5529e25b1cfe80763300dbde8b8ad5f","contentHash":"63577fe9de52c0ab664a139ce1a5912cf407969759abceddd780cb4b9cfec0ad"},"/home/dexwip/sqlearn/sultan/backend-web/lib/createResponseObject.js":{"path":"/home/dexwip/sqlearn/sultan/backend-web/lib/createResponseObject.js","statementMap":{"0":{"start":{"line":1,"column":0},"end":{"line":8,"column":2}},"1":{"start":{"line":2,"column":4},"end":{"line":7,"column":6}}},"fnMap":{"0":{"name":"(anonymous_0)","decl":{"start":{"line":1,"column":17},"end":{"line":1,"column":18}},"loc":{"start":{"line":1,"column":65},"end":{"line":8,"column":1}},"line":1}},"branchMap":{"0":{"loc":{"start":{"line":1,"column":18},"end":{"line":1,"column":30}},"type":"default-arg","locations":[{"start":{"line":1,"column":29},"end":{"line":1,"column":30}}],"line":1},"1":{"loc":{"start":{"line":1,"column":49},"end":{"line":1,"column":60}},"type":"default-arg","locations":[{"start":{"line":1,"column":56},"end":{"line":1,"column":60}}],"line":1}},"s":{"0":1,"1":10},"f":{"0":10},"b":{"0":[0],"1":[0]},"_coverageSchema":"1a1c01bbd47fc00a2c39e90264f33305004495a9","hash":"4bf27844ef04faddfd01fea28c9c2452a9eea0ec","contentHash":"64668df025d8cb2d508c7135c717dc7f7c202d25e820d6fc698d63d17b411f8d"},"/home/dexwip/sqlearn/sultan/backend-web/lib/encodeToken.js":{"path":"/home/dexwip/sqlearn/sultan/backend-web/lib/encodeToken.js","statementMap":{"0":{"start":{"line":1,"column":24},"end":{"line":1,"column":46}},"1":{"start":{"line":2,"column":12},"end":{"line":2,"column":35}},"2":{"start":{"line":3,"column":16},"end":{"line":3,"column":55}},"3":{"start":{"line":4,"column":13},"end":{"line":4,"column":46}},"4":{"start":{"line":6,"column":19},"end":{"line":6,"column":31}},"5":{"start":{"line":7,"column":18},"end":{"line":11,"column":1}},"6":{"start":{"line":14,"column":17},"end":{"line":17,"column":5}},"7":{"start":{"line":18,"column":4},"end":{"line":18,"column":42}},"8":{"start":{"line":22,"column":4},"end":{"line":49,"column":5}},"9":{"start":{"line":23,"column":24},"end":{"line":23,"column":53}},"10":{"start":{"line":24,"column":29},"end":{"line":24,"column":41}},"11":{"start":{"line":26,"column":19},"end":{"line":26,"column":23}},"12":{"start":{"line":27,"column":8},"end":{"line":41,"column":9}},"13":{"start":{"line":28,"column":12},"end":{"line":33,"column":15}},"14":{"start":{"line":34,"column":15},"end":{"line":41,"column":9}},"15":{"start":{"line":35,"column":12},"end":{"line":40,"column":15}},"16":{"start":{"line":43,"column":8},"end":{"line":43,"column":64}},"17":{"start":{"line":43,"column":19},"end":{"line":43,"column":64}},"18":{"start":{"line":45,"column":8},"end":{"line":45,"column":28}},"19":{"start":{"line":46,"column":8},"end":{"line":46,"column":20}},"20":{"start":{"line":48,"column":8},"end":{"line":48,"column":20}},"21":{"start":{"line":52,"column":0},"end":{"line":56,"column":2}}},"fnMap":{"0":{"name":"encodeJWT","decl":{"start":{"line":13,"column":9},"end":{"line":13,"column":18}},"loc":{"start":{"line":13,"column":29},"end":{"line":19,"column":1}},"line":13},"1":{"name":"verifyJWT","decl":{"start":{"line":21,"column":15},"end":{"line":21,"column":24}},"loc":{"start":{"line":21,"column":32},"end":{"line":50,"column":1}},"line":21}},"branchMap":{"0":{"loc":{"start":{"line":27,"column":8},"end":{"line":41,"column":9}},"type":"if","locations":[{"start":{"line":27,"column":8},"end":{"line":41,"column":9}},{"start":{"line":27,"column":8},"end":{"line":41,"column":9}}],"line":27},"1":{"loc":{"start":{"line":27,"column":12},"end":{"line":27,"column":62}},"type":"binary-expr","locations":[{"start":{"line":27,"column":12},"end":{"line":27,"column":35}},{"start":{"line":27,"column":39},"end":{"line":27,"column":62}}],"line":27},"2":{"loc":{"start":{"line":34,"column":15},"end":{"line":41,"column":9}},"type":"if","locations":[{"start":{"line":34,"column":15},"end":{"line":41,"column":9}},{"start":{"line":34,"column":15},"end":{"line":41,"column":9}}],"line":34},"3":{"loc":{"start":{"line":43,"column":8},"end":{"line":43,"column":64}},"type":"if","locations":[{"start":{"line":43,"column":8},"end":{"line":43,"column":64}},{"start":{"line":43,"column":8},"end":{"line":43,"column":64}}],"line":43}},"s":{"0":1,"1":1,"2":1,"3":1,"4":1,"5":1,"6":5,"7":5,"8":2,"9":2,"10":2,"11":2,"12":2,"13":1,"14":1,"15":1,"16":2,"17":0,"18":2,"19":2,"20":0,"21":1},"f":{"0":5,"1":2},"b":{"0":[1,1],"1":[2,1],"2":[1,0],"3":[0,2]},"_coverageSchema":"1a1c01bbd47fc00a2c39e90264f33305004495a9","hash":"9d55942a1b174bb2edf3bdc81f9d6f351a5759d5","contentHash":"9ce564f28a03974af42d19ca099ab74230d26e3a5becfd3de45d840d810b61fc"},"/home/dexwip/sqlearn/sultan/backend-web/api/student/student.model.js":{"path":"/home/dexwip/sqlearn/sultan/backend-web/api/student/student.model.js","statementMap":{"0":{"start":{"line":1,"column":29},"end":{"line":1,"column":49}},"1":{"start":{"line":2,"column":18},"end":{"line":2,"column":50}},"2":{"start":{"line":6,"column":0},"end":{"line":29,"column":3}},"3":{"start":{"line":33,"column":0},"end":{"line":33,"column":24}}},"fnMap":{},"branchMap":{},"s":{"0":1,"1":1,"2":1,"3":1},"f":{},"b":{},"_coverageSchema":"1a1c01bbd47fc00a2c39e90264f33305004495a9","hash":"513c460d5f93b5e2a992305481f4f86e5dddea7a","contentHash":"8b2b681e775223e61a52c6229b6452d10273d6c34fede5b3ace729809df4857e"},"/home/dexwip/sqlearn/sultan/backend-web/api/user/user.model.js":{"path":"/home/dexwip/sqlearn/sultan/backend-web/api/user/user.model.js","statementMap":{"0":{"start":{"line":1,"column":29},"end":{"line":1,"column":49}},"1":{"start":{"line":2,"column":18},"end":{"line":2,"column":50}},"2":{"start":{"line":6,"column":0},"end":{"line":30,"column":3}},"3":{"start":{"line":34,"column":0},"end":{"line":34,"column":21}}},"fnMap":{},"branchMap":{},"s":{"0":1,"1":1,"2":1,"3":1},"f":{},"b":{},"_coverageSchema":"1a1c01bbd47fc00a2c39e90264f33305004495a9","hash":"9204e581110930b348a36679a7eeb2719f9fcf3e","contentHash":"a17974fc112779ead0fb2cf2e89ee52e9090543dedd73bdaea7ac8763c63cf00"},"/home/dexwip/sqlearn/sultan/backend-web/lib/hashPassword.js":{"path":"/home/dexwip/sqlearn/sultan/backend-web/lib/hashPassword.js","statementMap":{"0":{"start":{"line":1,"column":13},"end":{"line":1,"column":32}},"1":{"start":{"line":4,"column":15},"end":{"line":4,"column":37}},"2":{"start":{"line":5,"column":15},"end":{"line":5,"column":44}},"3":{"start":{"line":7,"column":4},"end":{"line":7,"column":15}},"4":{"start":{"line":11,"column":4},"end":{"line":11,"column":45}},"5":{"start":{"line":14,"column":0},"end":{"line":17,"column":1}}},"fnMap":{"0":{"name":"hashPassword","decl":{"start":{"line":3,"column":9},"end":{"line":3,"column":21}},"loc":{"start":{"line":3,"column":30},"end":{"line":8,"column":1}},"line":3},"1":{"name":"comparePassword","decl":{"start":{"line":10,"column":9},"end":{"line":10,"column":24}},"loc":{"start":{"line":10,"column":41},"end":{"line":12,"column":1}},"line":10}},"branchMap":{},"s":{"0":1,"1":0,"2":0,"3":0,"4":6,"5":1},"f":{"0":0,"1":6},"b":{},"_coverageSchema":"1a1c01bbd47fc00a2c39e90264f33305004495a9","hash":"3adc37e53799c3ae0fb8c07839876ef409c48367","contentHash":"93c893b02db28d7d770982407b7c9d5302b5c5db638ae18637dc66ae117d9fa0"},"/home/dexwip/sqlearn/sultan/backend-web/api/login/login.sanitizer.js":{"path":"/home/dexwip/sqlearn/sultan/backend-web/api/login/login.sanitizer.js","statementMap":{"0":{"start":{"line":1,"column":17},"end":{"line":1,"column":45}},"1":{"start":{"line":2,"column":25},"end":{"line":2,"column":81}},"2":{"start":{"line":4,"column":22},"end":{"line":4,"column":81}},"3":{"start":{"line":5,"column":22},"end":{"line":9,"column":56}},"4":{"start":{"line":11,"column":0},"end":{"line":13,"column":2}}},"fnMap":{},"branchMap":{},"s":{"0":1,"1":1,"2":1,"3":1,"4":1},"f":{},"b":{},"_coverageSchema":"1a1c01bbd47fc00a2c39e90264f33305004495a9","hash":"2e5dc60422b920f41077b5696a233e9812bd3d90","contentHash":"99f7e91dd25a4f3ee780604a4afe57b07c305f3db950342fe3f922fc6a2b5959"},"/home/dexwip/sqlearn/sultan/backend-web/middlewares/validationHandle.middleware.js":{"path":"/home/dexwip/sqlearn/sultan/backend-web/middlewares/validationHandle.middleware.js","statementMap":{"0":{"start":{"line":1,"column":29},"end":{"line":1,"column":57}},"1":{"start":{"line":3,"column":29},"end":{"line":3,"column":67}},"2":{"start":{"line":5,"column":0},"end":{"line":14,"column":2}},"3":{"start":{"line":6,"column":4},"end":{"line":13,"column":5}},"4":{"start":{"line":7,"column":8},"end":{"line":7,"column":38}},"5":{"start":{"line":8,"column":8},"end":{"line":8,"column":15}},"6":{"start":{"line":10,"column":21},"end":{"line":10,"column":91}},"7":{"start":{"line":11,"column":42},"end":{"line":11,"column":46}},"8":{"start":{"line":12,"column":8},"end":{"line":12,"column":44}}},"fnMap":{"0":{"name":"(anonymous_0)","decl":{"start":{"line":5,"column":17},"end":{"line":5,"column":18}},"loc":{"start":{"line":5,"column":37},"end":{"line":14,"column":1}},"line":5}},"branchMap":{},"s":{"0":1,"1":1,"2":1,"3":8,"4":8,"5":7,"6":1,"7":1,"8":1},"f":{"0":8},"b":{},"_coverageSchema":"1a1c01bbd47fc00a2c39e90264f33305004495a9","hash":"d0256207c27bc8fb370f293cbd05b61678c0907f","contentHash":"d2533df71ed4d265a3a31057ddcd0b1a185403009bb5db402892b042ddcf7a15"},"/home/dexwip/sqlearn/sultan/backend-web/middlewares/authorization.middleware.js":{"path":"/home/dexwip/sqlearn/sultan/backend-web/middlewares/authorization.middleware.js","statementMap":{"0":{"start":{"line":1,"column":29},"end":{"line":1,"column":67}},"1":{"start":{"line":3,"column":0},"end":{"line":14,"column":2}},"2":{"start":{"line":4,"column":4},"end":{"line":13,"column":6}},"3":{"start":{"line":5,"column":25},"end":{"line":5,"column":28}},"4":{"start":{"line":7,"column":8},"end":{"line":12,"column":9}},"5":{"start":{"line":7,"column":47},"end":{"line":7,"column":54}},"6":{"start":{"line":9,"column":25},"end":{"line":9,"column":87}},"7":{"start":{"line":10,"column":46},"end":{"line":10,"column":50}},"8":{"start":{"line":11,"column":12},"end":{"line":11,"column":48}}},"fnMap":{"0":{"name":"permission","decl":{"start":{"line":3,"column":26},"end":{"line":3,"column":36}},"loc":{"start":{"line":3,"column":47},"end":{"line":14,"column":1}},"line":3},"1":{"name":"(anonymous_1)","decl":{"start":{"line":4,"column":11},"end":{"line":4,"column":12}},"loc":{"start":{"line":4,"column":31},"end":{"line":13,"column":5}},"line":4}},"branchMap":{"0":{"loc":{"start":{"line":7,"column":8},"end":{"line":12,"column":9}},"type":"if","locations":[{"start":{"line":7,"column":8},"end":{"line":12,"column":9}},{"start":{"line":7,"column":8},"end":{"line":12,"column":9}}],"line":7},"1":{"loc":{"start":{"line":7,"column":12},"end":{"line":7,"column":45}},"type":"binary-expr","locations":[{"start":{"line":7,"column":12},"end":{"line":7,"column":16}},{"start":{"line":7,"column":20},"end":{"line":7,"column":45}}],"line":7}},"s":{"0":1,"1":1,"2":2,"3":2,"4":2,"5":1,"6":1,"7":1,"8":1},"f":{"0":2,"1":2},"b":{"0":[1,1],"1":[2,2]},"_coverageSchema":"1a1c01bbd47fc00a2c39e90264f33305004495a9","hash":"a7a8332ebad5df8aaa6be6ed456d8d87bebcbbda","contentHash":"6fe4a7f98125b61dc25c73e23c790971d12bc4493dcad4da4a725d97c5321185"},"/home/dexwip/sqlearn/sultan/backend-web/middlewares/verifyToken.middleware.js":{"path":"/home/dexwip/sqlearn/sultan/backend-web/middlewares/verifyToken.middleware.js","statementMap":{"0":{"start":{"line":1,"column":24},"end":{"line":1,"column":46}},"1":{"start":{"line":2,"column":30},"end":{"line":2,"column":53}},"2":{"start":{"line":3,"column":29},"end":{"line":3,"column":67}},"3":{"start":{"line":4,"column":22},"end":{"line":4,"column":51}},"4":{"start":{"line":8,"column":4},"end":{"line":31,"column":5}},"5":{"start":{"line":9,"column":29},"end":{"line":9,"column":57}},"6":{"start":{"line":10,"column":8},"end":{"line":10,"column":110}},"7":{"start":{"line":10,"column":48},"end":{"line":10,"column":110}},"8":{"start":{"line":11,"column":22},"end":{"line":11,"column":48}},"9":{"start":{"line":12,"column":21},"end":{"line":12,"column":43}},"10":{"start":{"line":13,"column":8},"end":{"line":13,"column":24}},"11":{"start":{"line":14,"column":8},"end":{"line":14,"column":15}},"12":{"start":{"line":16,"column":19},"end":{"line":16,"column":22}},"13":{"start":{"line":17,"column":21},"end":{"line":17,"column":28}},"14":{"start":{"line":18,"column":22},"end":{"line":18,"column":26}},"15":{"start":{"line":19,"column":19},"end":{"line":19,"column":23}},"16":{"start":{"line":20,"column":8},"end":{"line":27,"column":9}},"17":{"start":{"line":21,"column":12},"end":{"line":21,"column":23}},"18":{"start":{"line":22,"column":12},"end":{"line":22,"column":28}},"19":{"start":{"line":23,"column":12},"end":{"line":23,"column":36}},"20":{"start":{"line":24,"column":15},"end":{"line":27,"column":9}},"21":{"start":{"line":25,"column":12},"end":{"line":25,"column":36}},"22":{"start":{"line":26,"column":12},"end":{"line":26,"column":36}},"23":{"start":{"line":28,"column":21},"end":{"line":28,"column":70}},"24":{"start":{"line":29,"column":42},"end":{"line":29,"column":46}},"25":{"start":{"line":30,"column":8},"end":{"line":30,"column":44}},"26":{"start":{"line":34,"column":0},"end":{"line":34,"column":29}}},"fnMap":{"0":{"name":"verifyToken","decl":{"start":{"line":6,"column":15},"end":{"line":6,"column":26}},"loc":{"start":{"line":6,"column":43},"end":{"line":32,"column":1}},"line":6}},"branchMap":{"0":{"loc":{"start":{"line":10,"column":8},"end":{"line":10,"column":110}},"type":"if","locations":[{"start":{"line":10,"column":8},"end":{"line":10,"column":110}},{"start":{"line":10,"column":8},"end":{"line":10,"column":110}}],"line":10},"1":{"loc":{"start":{"line":20,"column":8},"end":{"line":27,"column":9}},"type":"if","locations":[{"start":{"line":20,"column":8},"end":{"line":27,"column":9}},{"start":{"line":20,"column":8},"end":{"line":27,"column":9}}],"line":20},"2":{"loc":{"start":{"line":24,"column":15},"end":{"line":27,"column":9}},"type":"if","locations":[{"start":{"line":24,"column":15},"end":{"line":27,"column":9}},{"start":{"line":24,"column":15},"end":{"line":27,"column":9}}],"line":24}},"s":{"0":1,"1":1,"2":1,"3":1,"4":2,"5":2,"6":2,"7":0,"8":2,"9":2,"10":2,"11":2,"12":0,"13":0,"14":0,"15":0,"16":0,"17":0,"18":0,"19":0,"20":0,"21":0,"22":0,"23":0,"24":0,"25":0,"26":1},"f":{"0":2},"b":{"0":[0,2],"1":[0,0],"2":[0,0]},"_coverageSchema":"1a1c01bbd47fc00a2c39e90264f33305004495a9","hash":"047341456594e76ff0e59e923e71580b57ca1303","contentHash":"efd87e9fc460943a74a7e19d6b1d540c2abf173ec5db6ff07d965ec2ecacfa35"},"/home/dexwip/sqlearn/sultan/backend-web/api/user/user.routes.js":{"path":"/home/dexwip/sqlearn/sultan/backend-web/api/user/user.routes.js","statementMap":{"0":{"start":{"line":1,"column":16},"end":{"line":1,"column":34}},"1":{"start":{"line":2,"column":20},"end":{"line":2,"column":71}},"2":{"start":{"line":3,"column":15},"end":{"line":3,"column":31}},"3":{"start":{"line":5,"column":23},"end":{"line":5,"column":51}},"4":{"start":{"line":7,"column":0},"end":{"line":7,"column":51}},"5":{"start":{"line":8,"column":0},"end":{"line":8,"column":38}},"6":{"start":{"line":9,"column":0},"end":{"line":9,"column":40}},"7":{"start":{"line":10,"column":0},"end":{"line":10,"column":39}},"8":{"start":{"line":11,"column":0},"end":{"line":11,"column":23}},"9":{"start":{"line":12,"column":0},"end":{"line":12,"column":42}},"10":{"start":{"line":13,"column":0},"end":{"line":13,"column":45}},"11":{"start":{"line":15,"column":0},"end":{"line":15,"column":24}}},"fnMap":{},"branchMap":{},"s":{"0":1,"1":1,"2":1,"3":1,"4":1,"5":1,"6":1,"7":1,"8":1,"9":1,"10":1,"11":1},"f":{},"b":{},"_coverageSchema":"1a1c01bbd47fc00a2c39e90264f33305004495a9","hash":"e72827481ed887a642b93525295b01007f6ba13e","contentHash":"c67b1f2d6ca7ac32c3b875d63cf1eb247e261051064794e39869d5500147250d"},"/home/dexwip/sqlearn/sultan/backend-web/api/user/user.controller.js":{"path":"/home/dexwip/sqlearn/sultan/backend-web/api/user/user.controller.js","statementMap":{"0":{"start":{"line":1,"column":20},"end":{"line":1,"column":45}},"1":{"start":{"line":3,"column":0},"end":{"line":58,"column":2}},"2":{"start":{"line":5,"column":23},"end":{"line":5,"column":49}},"3":{"start":{"line":7,"column":8},"end":{"line":7,"column":64}},"4":{"start":{"line":7,"column":28},"end":{"line":7,"column":64}},"5":{"start":{"line":9,"column":8},"end":{"line":9,"column":44}},"6":{"start":{"line":13,"column":23},"end":{"line":13,"column":62}},"7":{"start":{"line":15,"column":8},"end":{"line":15,"column":64}},"8":{"start":{"line":15,"column":28},"end":{"line":15,"column":64}},"9":{"start":{"line":17,"column":8},"end":{"line":17,"column":44}},"10":{"start":{"line":21,"column":55},"end":{"line":21,"column":63}},"11":{"start":{"line":22,"column":23},"end":{"line":27,"column":9}},"12":{"start":{"line":29,"column":8},"end":{"line":29,"column":64}},"13":{"start":{"line":29,"column":28},"end":{"line":29,"column":64}},"14":{"start":{"line":31,"column":8},"end":{"line":31,"column":44}},"15":{"start":{"line":35,"column":39},"end":{"line":35,"column":47}},"16":{"start":{"line":36,"column":23},"end":{"line":36,"column":73}},"17":{"start":{"line":38,"column":8},"end":{"line":38,"column":64}},"18":{"start":{"line":38,"column":28},"end":{"line":38,"column":64}},"19":{"start":{"line":40,"column":8},"end":{"line":40,"column":44}},"20":{"start":{"line":44,"column":23},"end":{"line":44,"column":72}},"21":{"start":{"line":46,"column":8},"end":{"line":46,"column":64}},"22":{"start":{"line":46,"column":28},"end":{"line":46,"column":64}},"23":{"start":{"line":48,"column":8},"end":{"line":48,"column":44}},"24":{"start":{"line":52,"column":23},"end":{"line":52,"column":63}},"25":{"start":{"line":54,"column":8},"end":{"line":54,"column":64}},"26":{"start":{"line":54,"column":28},"end":{"line":54,"column":64}},"27":{"start":{"line":56,"column":8},"end":{"line":56,"column":44}}},"fnMap":{"0":{"name":"(anonymous_0)","decl":{"start":{"line":4,"column":11},"end":{"line":4,"column":12}},"loc":{"start":{"line":4,"column":31},"end":{"line":10,"column":5}},"line":4},"1":{"name":"(anonymous_1)","decl":{"start":{"line":12,"column":10},"end":{"line":12,"column":11}},"loc":{"start":{"line":12,"column":30},"end":{"line":18,"column":5}},"line":12},"2":{"name":"(anonymous_2)","decl":{"start":{"line":20,"column":11},"end":{"line":20,"column":12}},"loc":{"start":{"line":20,"column":31},"end":{"line":32,"column":5}},"line":20},"3":{"name":"(anonymous_3)","decl":{"start":{"line":34,"column":18},"end":{"line":34,"column":19}},"loc":{"start":{"line":34,"column":38},"end":{"line":41,"column":5}},"line":34},"4":{"name":"(anonymous_4)","decl":{"start":{"line":43,"column":12},"end":{"line":43,"column":13}},"loc":{"start":{"line":43,"column":32},"end":{"line":49,"column":5}},"line":43},"5":{"name":"(anonymous_5)","decl":{"start":{"line":51,"column":13},"end":{"line":51,"column":14}},"loc":{"start":{"line":51,"column":33},"end":{"line":57,"column":5}},"line":51}},"branchMap":{"0":{"loc":{"start":{"line":7,"column":8},"end":{"line":7,"column":64}},"type":"if","locations":[{"start":{"line":7,"column":8},"end":{"line":7,"column":64}},{"start":{"line":7,"column":8},"end":{"line":7,"column":64}}],"line":7},"1":{"loc":{"start":{"line":15,"column":8},"end":{"line":15,"column":64}},"type":"if","locations":[{"start":{"line":15,"column":8},"end":{"line":15,"column":64}},{"start":{"line":15,"column":8},"end":{"line":15,"column":64}}],"line":15},"2":{"loc":{"start":{"line":29,"column":8},"end":{"line":29,"column":64}},"type":"if","locations":[{"start":{"line":29,"column":8},"end":{"line":29,"column":64}},{"start":{"line":29,"column":8},"end":{"line":29,"column":64}}],"line":29},"3":{"loc":{"start":{"line":38,"column":8},"end":{"line":38,"column":64}},"type":"if","locations":[{"start":{"line":38,"column":8},"end":{"line":38,"column":64}},{"start":{"line":38,"column":8},"end":{"line":38,"column":64}}],"line":38},"4":{"loc":{"start":{"line":46,"column":8},"end":{"line":46,"column":64}},"type":"if","locations":[{"start":{"line":46,"column":8},"end":{"line":46,"column":64}},{"start":{"line":46,"column":8},"end":{"line":46,"column":64}}],"line":46},"5":{"loc":{"start":{"line":54,"column":8},"end":{"line":54,"column":64}},"type":"if","locations":[{"start":{"line":54,"column":8},"end":{"line":54,"column":64}},{"start":{"line":54,"column":8},"end":{"line":54,"column":64}}],"line":54}},"s":{"0":1,"1":1,"2":0,"3":0,"4":0,"5":0,"6":0,"7":0,"8":0,"9":0,"10":0,"11":0,"12":0,"13":0,"14":0,"15":0,"16":0,"17":0,"18":0,"19":0,"20":0,"21":0,"22":0,"23":0,"24":0,"25":0,"26":0,"27":0},"f":{"0":0,"1":0,"2":0,"3":0,"4":0,"5":0},"b":{"0":[0,0],"1":[0,0],"2":[0,0],"3":[0,0],"4":[0,0],"5":[0,0]},"_coverageSchema":"1a1c01bbd47fc00a2c39e90264f33305004495a9","hash":"458f6a88fd3c2f4ff263d427c831959b78c8e56d","contentHash":"11777e6193e2abaa8a80411c9443abd753f349ecd0cc6f713e1fdde93e2edfff"},"/home/dexwip/sqlearn/sultan/backend-web/api/user/user.service.js":{"path":"/home/dexwip/sqlearn/sultan/backend-web/api/user/user.service.js","statementMap":{"0":{"start":{"line":1,"column":29},"end":{"line":1,"column":70}},"1":{"start":{"line":2,"column":33},"end":{"line":2,"column":65}},"2":{"start":{"line":3,"column":42},"end":{"line":3,"column":75}},"3":{"start":{"line":5,"column":13},"end":{"line":5,"column":36}},"4":{"start":{"line":7,"column":0},"end":{"line":148,"column":2}},"5":{"start":{"line":9,"column":8},"end":{"line":22,"column":9}},"6":{"start":{"line":10,"column":26},"end":{"line":14,"column":14}},"7":{"start":{"line":15,"column":12},"end":{"line":19,"column":14}},"8":{"start":{"line":21,"column":12},"end":{"line":21,"column":77}},"9":{"start":{"line":26,"column":8},"end":{"line":40,"column":9}},"10":{"start":{"line":27,"column":25},"end":{"line":31,"column":14}},"11":{"start":{"line":32,"column":12},"end":{"line":36,"column":14}},"12":{"start":{"line":38,"column":12},"end":{"line":38,"column":33}},"13":{"start":{"line":39,"column":12},"end":{"line":39,"column":77}},"14":{"start":{"line":44,"column":8},"end":{"line":72,"column":9}},"15":{"start":{"line":45,"column":25},"end":{"line":50,"column":14}},"16":{"start":{"line":51,"column":12},"end":{"line":51,"column":67}},"17":{"start":{"line":51,"column":23},"end":{"line":51,"column":67}},"18":{"start":{"line":53,"column":36},"end":{"line":53,"column":76}},"19":{"start":{"line":54,"column":12},"end":{"line":54,"column":68}},"20":{"start":{"line":54,"column":34},"end":{"line":54,"column":68}},"21":{"start":{"line":56,"column":24},"end":{"line":56,"column":59}},"22":{"start":{"line":58,"column":50},"end":{"line":58,"column":54}},"23":{"start":{"line":59,"column":33},"end":{"line":59,"column":59}},"24":{"start":{"line":61,"column":12},"end":{"line":64,"column":15}},"25":{"start":{"line":66,"column":12},"end":{"line":66,"column":33}},"26":{"start":{"line":67,"column":12},"end":{"line":71,"column":14}},"27":{"start":{"line":76,"column":8},"end":{"line":95,"column":9}},"28":{"start":{"line":77,"column":26},"end":{"line":82,"column":14}},"29":{"start":{"line":83,"column":12},"end":{"line":87,"column":14}},"30":{"start":{"line":89,"column":12},"end":{"line":89,"column":31}},"31":{"start":{"line":90,"column":12},"end":{"line":94,"column":14}},"32":{"start":{"line":99,"column":8},"end":{"line":124,"column":9}},"33":{"start":{"line":100,"column":25},"end":{"line":104,"column":14}},"34":{"start":{"line":105,"column":12},"end":{"line":105,"column":73}},"35":{"start":{"line":105,"column":23},"end":{"line":105,"column":73}},"36":{"start":{"line":107,"column":12},"end":{"line":109,"column":15}},"37":{"start":{"line":108,"column":16},"end":{"line":108,"column":38}},"38":{"start":{"line":111,"column":12},"end":{"line":111,"column":30}},"39":{"start":{"line":113,"column":12},"end":{"line":117,"column":14}},"40":{"start":{"line":119,"column":12},"end":{"line":123,"column":14}},"41":{"start":{"line":128,"column":8},"end":{"line":146,"column":9}},"42":{"start":{"line":129,"column":25},"end":{"line":129,"column":48}},"43":{"start":{"line":130,"column":12},"end":{"line":130,"column":73}},"44":{"start":{"line":130,"column":23},"end":{"line":130,"column":73}},"45":{"start":{"line":132,"column":12},"end":{"line":136,"column":15}},"46":{"start":{"line":138,"column":12},"end":{"line":138,"column":76}},"47":{"start":{"line":140,"column":12},"end":{"line":140,"column":31}},"48":{"start":{"line":141,"column":12},"end":{"line":145,"column":14}}},"fnMap":{"0":{"name":"(anonymous_0)","decl":{"start":{"line":8,"column":12},"end":{"line":8,"column":13}},"loc":{"start":{"line":8,"column":24},"end":{"line":23,"column":5}},"line":8},"1":{"name":"(anonymous_1)","decl":{"start":{"line":25,"column":12},"end":{"line":25,"column":13}},"loc":{"start":{"line":25,"column":26},"end":{"line":41,"column":5}},"line":25},"2":{"name":"(anonymous_2)","decl":{"start":{"line":43,"column":18},"end":{"line":43,"column":19}},"loc":{"start":{"line":43,"column":48},"end":{"line":73,"column":5}},"line":43},"3":{"name":"(anonymous_3)","decl":{"start":{"line":75,"column":12},"end":{"line":75,"column":13}},"loc":{"start":{"line":75,"column":58},"end":{"line":96,"column":5}},"line":75},"4":{"name":"(anonymous_4)","decl":{"start":{"line":98,"column":12},"end":{"line":98,"column":13}},"loc":{"start":{"line":98,"column":32},"end":{"line":125,"column":5}},"line":98},"5":{"name":"(anonymous_5)","decl":{"start":{"line":107,"column":38},"end":{"line":107,"column":39}},"loc":{"start":{"line":107,"column":47},"end":{"line":109,"column":13}},"line":107},"6":{"name":"(anonymous_6)","decl":{"start":{"line":127,"column":13},"end":{"line":127,"column":14}},"loc":{"start":{"line":127,"column":27},"end":{"line":147,"column":5}},"line":127}},"branchMap":{"0":{"loc":{"start":{"line":51,"column":12},"end":{"line":51,"column":67}},"type":"if","locations":[{"start":{"line":51,"column":12},"end":{"line":51,"column":67}},{"start":{"line":51,"column":12},"end":{"line":51,"column":67}}],"line":51},"1":{"loc":{"start":{"line":54,"column":12},"end":{"line":54,"column":68}},"type":"if","locations":[{"start":{"line":54,"column":12},"end":{"line":54,"column":68}},{"start":{"line":54,"column":12},"end":{"line":54,"column":68}}],"line":54},"2":{"loc":{"start":{"line":105,"column":12},"end":{"line":105,"column":73}},"type":"if","locations":[{"start":{"line":105,"column":12},"end":{"line":105,"column":73}},{"start":{"line":105,"column":12},"end":{"line":105,"column":73}}],"line":105},"3":{"loc":{"start":{"line":130,"column":12},"end":{"line":130,"column":73}},"type":"if","locations":[{"start":{"line":130,"column":12},"end":{"line":130,"column":73}},{"start":{"line":130,"column":12},"end":{"line":130,"column":73}}],"line":130}},"s":{"0":1,"1":1,"2":1,"3":1,"4":1,"5":0,"6":0,"7":0,"8":0,"9":0,"10":0,"11":0,"12":0,"13":0,"14":0,"15":0,"16":0,"17":0,"18":0,"19":0,"20":0,"21":0,"22":0,"23":0,"24":0,"25":0,"26":0,"27":0,"28":0,"29":0,"30":0,"31":0,"32":0,"33":0,"34":0,"35":0,"36":0,"37":0,"38":0,"39":0,"40":0,"41":0,"42":0,"43":0,"44":0,"45":0,"46":0,"47":0,"48":0},"f":{"0":0,"1":0,"2":0,"3":0,"4":0,"5":0,"6":0},"b":{"0":[0,0],"1":[0,0],"2":[0,0],"3":[0,0]},"_coverageSchema":"1a1c01bbd47fc00a2c39e90264f33305004495a9","hash":"bc8e8d3dbaae51ee4544dc02de7f352e2001161a","contentHash":"4f5a61f1e5d44c093377d7301c31053f676f795a3758896f7aab0c9fdb3fc152"},"/home/dexwip/sqlearn/sultan/backend-web/api/student/student.routes.js":{"path":"/home/dexwip/sqlearn/sultan/backend-web/api/student/student.routes.js","statementMap":{"0":{"start":{"line":1,"column":16},"end":{"line":1,"column":34}},"1":{"start":{"line":2,"column":20},"end":{"line":2,"column":71}},"2":{"start":{"line":3,"column":15},"end":{"line":3,"column":31}},"3":{"start":{"line":5,"column":26},"end":{"line":5,"column":57}},"4":{"start":{"line":7,"column":0},"end":{"line":7,"column":54}},"5":{"start":{"line":8,"column":0},"end":{"line":8,"column":23}},"6":{"start":{"line":9,"column":0},"end":{"line":9,"column":41}},"7":{"start":{"line":10,"column":0},"end":{"line":10,"column":62}},"8":{"start":{"line":11,"column":0},"end":{"line":11,"column":43}},"9":{"start":{"line":12,"column":0},"end":{"line":12,"column":42}},"10":{"start":{"line":13,"column":0},"end":{"line":13,"column":45}},"11":{"start":{"line":14,"column":0},"end":{"line":14,"column":49}},"12":{"start":{"line":16,"column":0},"end":{"line":16,"column":24}}},"fnMap":{},"branchMap":{},"s":{"0":1,"1":1,"2":1,"3":1,"4":1,"5":1,"6":1,"7":1,"8":1,"9":1,"10":1,"11":1,"12":1},"f":{},"b":{},"_coverageSchema":"1a1c01bbd47fc00a2c39e90264f33305004495a9","hash":"0368f3d9ba1500105990ad61c86903f20925f137","contentHash":"c3eecdf1a19eb7d71ad5e97816741d3281be976c894b9db3cca9e70f00baa5b7"},"/home/dexwip/sqlearn/sultan/backend-web/api/student/student.controller.js":{"path":"/home/dexwip/sqlearn/sultan/backend-web/api/student/student.controller.js","statementMap":{"0":{"start":{"line":1,"column":23},"end":{"line":1,"column":51}},"1":{"start":{"line":3,"column":0},"end":{"line":53,"column":1}},"2":{"start":{"line":5,"column":43},"end":{"line":5,"column":72}},"3":{"start":{"line":7,"column":8},"end":{"line":7,"column":71}},"4":{"start":{"line":7,"column":22},"end":{"line":7,"column":71}},"5":{"start":{"line":9,"column":8},"end":{"line":9,"column":63}},"6":{"start":{"line":12,"column":43},"end":{"line":12,"column":95}},"7":{"start":{"line":14,"column":8},"end":{"line":14,"column":71}},"8":{"start":{"line":14,"column":22},"end":{"line":14,"column":71}},"9":{"start":{"line":16,"column":8},"end":{"line":16,"column":63}},"10":{"start":{"line":19,"column":43},"end":{"line":19,"column":85}},"11":{"start":{"line":21,"column":8},"end":{"line":21,"column":71}},"12":{"start":{"line":21,"column":22},"end":{"line":21,"column":71}},"13":{"start":{"line":23,"column":8},"end":{"line":23,"column":63}},"14":{"start":{"line":26,"column":43},"end":{"line":26,"column":80}},"15":{"start":{"line":28,"column":8},"end":{"line":28,"column":71}},"16":{"start":{"line":28,"column":22},"end":{"line":28,"column":71}},"17":{"start":{"line":30,"column":8},"end":{"line":30,"column":63}},"18":{"start":{"line":33,"column":43},"end":{"line":33,"column":86}},"19":{"start":{"line":37,"column":8},"end":{"line":37,"column":63}},"20":{"start":{"line":40,"column":43},"end":{"line":40,"column":95}},"21":{"start":{"line":42,"column":8},"end":{"line":42,"column":71}},"22":{"start":{"line":42,"column":22},"end":{"line":42,"column":71}},"23":{"start":{"line":44,"column":8},"end":{"line":44,"column":63}},"24":{"start":{"line":47,"column":37},"end":{"line":47,"column":80}},"25":{"start":{"line":49,"column":8},"end":{"line":49,"column":71}},"26":{"start":{"line":49,"column":22},"end":{"line":49,"column":71}},"27":{"start":{"line":51,"column":8},"end":{"line":51,"column":57}}},"fnMap":{"0":{"name":"(anonymous_0)","decl":{"start":{"line":4,"column":11},"end":{"line":4,"column":12}},"loc":{"start":{"line":4,"column":31},"end":{"line":10,"column":5}},"line":4},"1":{"name":"(anonymous_1)","decl":{"start":{"line":11,"column":18},"end":{"line":11,"column":19}},"loc":{"start":{"line":11,"column":38},"end":{"line":17,"column":5}},"line":11},"2":{"name":"(anonymous_2)","decl":{"start":{"line":18,"column":10},"end":{"line":18,"column":11}},"loc":{"start":{"line":18,"column":30},"end":{"line":24,"column":5}},"line":18},"3":{"name":"(anonymous_3)","decl":{"start":{"line":25,"column":11},"end":{"line":25,"column":12}},"loc":{"start":{"line":25,"column":31},"end":{"line":31,"column":5}},"line":25},"4":{"name":"(anonymous_4)","decl":{"start":{"line":32,"column":18},"end":{"line":32,"column":19}},"loc":{"start":{"line":32,"column":38},"end":{"line":38,"column":5}},"line":32},"5":{"name":"(anonymous_5)","decl":{"start":{"line":39,"column":12},"end":{"line":39,"column":13}},"loc":{"start":{"line":39,"column":32},"end":{"line":45,"column":5}},"line":39},"6":{"name":"(anonymous_6)","decl":{"start":{"line":46,"column":13},"end":{"line":46,"column":14}},"loc":{"start":{"line":46,"column":33},"end":{"line":52,"column":5}},"line":46}},"branchMap":{"0":{"loc":{"start":{"line":7,"column":8},"end":{"line":7,"column":71}},"type":"if","locations":[{"start":{"line":7,"column":8},"end":{"line":7,"column":71}},{"start":{"line":7,"column":8},"end":{"line":7,"column":71}}],"line":7},"1":{"loc":{"start":{"line":14,"column":8},"end":{"line":14,"column":71}},"type":"if","locations":[{"start":{"line":14,"column":8},"end":{"line":14,"column":71}},{"start":{"line":14,"column":8},"end":{"line":14,"column":71}}],"line":14},"2":{"loc":{"start":{"line":21,"column":8},"end":{"line":21,"column":71}},"type":"if","locations":[{"start":{"line":21,"column":8},"end":{"line":21,"column":71}},{"start":{"line":21,"column":8},"end":{"line":21,"column":71}}],"line":21},"3":{"loc":{"start":{"line":28,"column":8},"end":{"line":28,"column":71}},"type":"if","locations":[{"start":{"line":28,"column":8},"end":{"line":28,"column":71}},{"start":{"line":28,"column":8},"end":{"line":28,"column":71}}],"line":28},"4":{"loc":{"start":{"line":42,"column":8},"end":{"line":42,"column":71}},"type":"if","locations":[{"start":{"line":42,"column":8},"end":{"line":42,"column":71}},{"start":{"line":42,"column":8},"end":{"line":42,"column":71}}],"line":42},"5":{"loc":{"start":{"line":49,"column":8},"end":{"line":49,"column":71}},"type":"if","locations":[{"start":{"line":49,"column":8},"end":{"line":49,"column":71}},{"start":{"line":49,"column":8},"end":{"line":49,"column":71}}],"line":49}},"s":{"0":1,"1":1,"2":0,"3":0,"4":0,"5":0,"6":0,"7":0,"8":0,"9":0,"10":0,"11":0,"12":0,"13":0,"14":0,"15":0,"16":0,"17":0,"18":0,"19":0,"20":0,"21":0,"22":0,"23":0,"24":0,"25":0,"26":0,"27":0},"f":{"0":0,"1":0,"2":0,"3":0,"4":0,"5":0,"6":0},"b":{"0":[0,0],"1":[0,0],"2":[0,0],"3":[0,0],"4":[0,0],"5":[0,0]},"_coverageSchema":"1a1c01bbd47fc00a2c39e90264f33305004495a9","hash":"0767a29b2c6fc2f3d98c3086d731e51c3691dd3e","contentHash":"64bb08ede348a5a435affb67c0013632d4582cb760caef6549bc38c89f3824f5"},"/home/dexwip/sqlearn/sultan/backend-web/api/student/student.service.js":{"path":"/home/dexwip/sqlearn/sultan/backend-web/api/student/student.service.js","statementMap":{"0":{"start":{"line":1,"column":15},"end":{"line":1,"column":35}},"1":{"start":{"line":2,"column":29},"end":{"line":2,"column":70}},"2":{"start":{"line":3,"column":33},"end":{"line":3,"column":65}},"3":{"start":{"line":4,"column":42},"end":{"line":4,"column":75}},"4":{"start":{"line":5,"column":14},"end":{"line":5,"column":45}},"5":{"start":{"line":6,"column":21},"end":{"line":6,"column":68}},"6":{"start":{"line":7,"column":16},"end":{"line":7,"column":42}},"7":{"start":{"line":9,"column":0},"end":{"line":148,"column":2}},"8":{"start":{"line":11,"column":8},"end":{"line":20,"column":9}},"9":{"start":{"line":12,"column":28},"end":{"line":16,"column":14}},"10":{"start":{"line":17,"column":12},"end":{"line":17,"column":93}},"11":{"start":{"line":19,"column":12},"end":{"line":19,"column":82}},"12":{"start":{"line":23,"column":8},"end":{"line":46,"column":9}},"13":{"start":{"line":24,"column":35},"end":{"line":29,"column":14}},"14":{"start":{"line":31,"column":36},"end":{"line":31,"column":79}},"15":{"start":{"line":31,"column":64},"end":{"line":31,"column":78}},"16":{"start":{"line":33,"column":29},"end":{"line":42,"column":14}},"17":{"start":{"line":43,"column":12},"end":{"line":43,"column":94}},"18":{"start":{"line":45,"column":12},"end":{"line":45,"column":82}},"19":{"start":{"line":49,"column":8},"end":{"line":65,"column":9}},"20":{"start":{"line":50,"column":28},"end":{"line":61,"column":14}},"21":{"start":{"line":62,"column":12},"end":{"line":62,"column":93}},"22":{"start":{"line":64,"column":12},"end":{"line":64,"column":82}},"23":{"start":{"line":68,"column":8},"end":{"line":91,"column":9}},"24":{"start":{"line":69,"column":43},"end":{"line":69,"column":47}},"25":{"start":{"line":71,"column":25},"end":{"line":76,"column":14}},"26":{"start":{"line":77,"column":12},"end":{"line":77,"column":91}},"27":{"start":{"line":77,"column":23},"end":{"line":77,"column":91}},"28":{"start":{"line":79,"column":36},"end":{"line":79,"column":76}},"29":{"start":{"line":80,"column":12},"end":{"line":80,"column":87}},"30":{"start":{"line":80,"column":34},"end":{"line":80,"column":87}},"31":{"start":{"line":82,"column":24},"end":{"line":82,"column":63}},"32":{"start":{"line":84,"column":50},"end":{"line":84,"column":54}},"33":{"start":{"line":85,"column":33},"end":{"line":85,"column":63}},"34":{"start":{"line":87,"column":12},"end":{"line":87,"column":110}},"35":{"start":{"line":89,"column":12},"end":{"line":89,"column":33}},"36":{"start":{"line":90,"column":12},"end":{"line":90,"column":72}},"37":{"start":{"line":94,"column":8},"end":{"line":113,"column":9}},"38":{"start":{"line":95,"column":28},"end":{"line":99,"column":14}},"39":{"start":{"line":100,"column":12},"end":{"line":100,"column":108}},"40":{"start":{"line":100,"column":25},"end":{"line":100,"column":108}},"41":{"start":{"line":102,"column":29},"end":{"line":107,"column":14}},"42":{"start":{"line":109,"column":12},"end":{"line":109,"column":102}},"43":{"start":{"line":111,"column":12},"end":{"line":111,"column":31}},"44":{"start":{"line":112,"column":12},"end":{"line":112,"column":98}},"45":{"start":{"line":116,"column":8},"end":{"line":129,"column":9}},"46":{"start":{"line":117,"column":28},"end":{"line":117,"column":54}},"47":{"start":{"line":118,"column":12},"end":{"line":118,"column":105}},"48":{"start":{"line":118,"column":26},"end":{"line":118,"column":105}},"49":{"start":{"line":120,"column":12},"end":{"line":122,"column":15}},"50":{"start":{"line":121,"column":16},"end":{"line":121,"column":41}},"51":{"start":{"line":124,"column":12},"end":{"line":124,"column":33}},"52":{"start":{"line":126,"column":12},"end":{"line":126,"column":89}},"53":{"start":{"line":128,"column":12},"end":{"line":128,"column":78}},"54":{"start":{"line":132,"column":8},"end":{"line":146,"column":9}},"55":{"start":{"line":133,"column":28},"end":{"line":133,"column":54}},"56":{"start":{"line":134,"column":12},"end":{"line":134,"column":97}},"57":{"start":{"line":134,"column":26},"end":{"line":134,"column":97}},"58":{"start":{"line":136,"column":12},"end":{"line":140,"column":15}},"59":{"start":{"line":142,"column":12},"end":{"line":142,"column":81}},"60":{"start":{"line":144,"column":12},"end":{"line":144,"column":31}},"61":{"start":{"line":145,"column":12},"end":{"line":145,"column":79}}},"fnMap":{"0":{"name":"(anonymous_0)","decl":{"start":{"line":10,"column":12},"end":{"line":10,"column":13}},"loc":{"start":{"line":10,"column":24},"end":{"line":21,"column":5}},"line":10},"1":{"name":"(anonymous_1)","decl":{"start":{"line":22,"column":19},"end":{"line":22,"column":20}},"loc":{"start":{"line":22,"column":38},"end":{"line":47,"column":5}},"line":22},"2":{"name":"(anonymous_2)","decl":{"start":{"line":31,"column":55},"end":{"line":31,"column":56}},"loc":{"start":{"line":31,"column":64},"end":{"line":31,"column":78}},"line":31},"3":{"name":"(anonymous_3)","decl":{"start":{"line":48,"column":12},"end":{"line":48,"column":13}},"loc":{"start":{"line":48,"column":26},"end":{"line":66,"column":5}},"line":48},"4":{"name":"(anonymous_4)","decl":{"start":{"line":67,"column":18},"end":{"line":67,"column":19}},"loc":{"start":{"line":67,"column":34},"end":{"line":92,"column":5}},"line":67},"5":{"name":"(anonymous_5)","decl":{"start":{"line":93,"column":12},"end":{"line":93,"column":13}},"loc":{"start":{"line":93,"column":28},"end":{"line":114,"column":5}},"line":93},"6":{"name":"(anonymous_6)","decl":{"start":{"line":115,"column":12},"end":{"line":115,"column":13}},"loc":{"start":{"line":115,"column":32},"end":{"line":130,"column":5}},"line":115},"7":{"name":"(anonymous_7)","decl":{"start":{"line":120,"column":38},"end":{"line":120,"column":39}},"loc":{"start":{"line":120,"column":47},"end":{"line":122,"column":13}},"line":120},"8":{"name":"(anonymous_8)","decl":{"start":{"line":131,"column":13},"end":{"line":131,"column":14}},"loc":{"start":{"line":131,"column":27},"end":{"line":147,"column":5}},"line":131}},"branchMap":{"0":{"loc":{"start":{"line":77,"column":12},"end":{"line":77,"column":91}},"type":"if","locations":[{"start":{"line":77,"column":12},"end":{"line":77,"column":91}},{"start":{"line":77,"column":12},"end":{"line":77,"column":91}}],"line":77},"1":{"loc":{"start":{"line":80,"column":12},"end":{"line":80,"column":87}},"type":"if","locations":[{"start":{"line":80,"column":12},"end":{"line":80,"column":87}},{"start":{"line":80,"column":12},"end":{"line":80,"column":87}}],"line":80},"2":{"loc":{"start":{"line":100,"column":12},"end":{"line":100,"column":108}},"type":"if","locations":[{"start":{"line":100,"column":12},"end":{"line":100,"column":108}},{"start":{"line":100,"column":12},"end":{"line":100,"column":108}}],"line":100},"3":{"loc":{"start":{"line":118,"column":12},"end":{"line":118,"column":105}},"type":"if","locations":[{"start":{"line":118,"column":12},"end":{"line":118,"column":105}},{"start":{"line":118,"column":12},"end":{"line":118,"column":105}}],"line":118},"4":{"loc":{"start":{"line":134,"column":12},"end":{"line":134,"column":97}},"type":"if","locations":[{"start":{"line":134,"column":12},"end":{"line":134,"column":97}},{"start":{"line":134,"column":12},"end":{"line":134,"column":97}}],"line":134}},"s":{"0":1,"1":1,"2":1,"3":1,"4":1,"5":1,"6":1,"7":1,"8":0,"9":0,"10":0,"11":0,"12":0,"13":0,"14":0,"15":0,"16":0,"17":0,"18":0,"19":0,"20":0,"21":0,"22":0,"23":0,"24":0,"25":0,"26":0,"27":0,"28":0,"29":0,"30":0,"31":0,"32":0,"33":0,"34":0,"35":0,"36":0,"37":0,"38":0,"39":0,"40":0,"41":0,"42":0,"43":0,"44":0,"45":0,"46":0,"47":0,"48":0,"49":0,"50":0,"51":0,"52":0,"53":0,"54":0,"55":0,"56":0,"57":0,"58":0,"59":0,"60":0,"61":0},"f":{"0":0,"1":0,"2":0,"3":0,"4":0,"5":0,"6":0,"7":0,"8":0},"b":{"0":[0,0],"1":[0,0],"2":[0,0],"3":[0,0],"4":[0,0]},"_coverageSchema":"1a1c01bbd47fc00a2c39e90264f33305004495a9","hash":"509d67a6487a4b9363d172b26a528eb170055bee","contentHash":"92ebf1fde5b1196c16f985563ccfee7768f3c1de356f1a87f1f1920b23f5d48a"},"/home/dexwip/sqlearn/sultan/backend-web/api/class/class.model.js":{"path":"/home/dexwip/sqlearn/sultan/backend-web/api/class/class.model.js","statementMap":{"0":{"start":{"line":1,"column":29},"end":{"line":1,"column":49}},"1":{"start":{"line":2,"column":18},"end":{"line":2,"column":50}},"2":{"start":{"line":3,"column":13},"end":{"line":3,"column":42}},"3":{"start":{"line":7,"column":0},"end":{"line":32,"column":3}},"4":{"start":{"line":37,"column":0},"end":{"line":37,"column":22}}},"fnMap":{},"branchMap":{},"s":{"0":1,"1":1,"2":1,"3":1,"4":1},"f":{},"b":{},"_coverageSchema":"1a1c01bbd47fc00a2c39e90264f33305004495a9","hash":"998358b25b1fc4992c5d3a991466bf0d2ea24fd2","contentHash":"b6b9427fa1b79b1d75f279742c7e3fbefb4bf30a5b41d6bf755a552d6dac5686"},"/home/dexwip/sqlearn/sultan/backend-web/api/student-class/student-class.model.js":{"path":"/home/dexwip/sqlearn/sultan/backend-web/api/student-class/student-class.model.js","statementMap":{"0":{"start":{"line":1,"column":29},"end":{"line":1,"column":49}},"1":{"start":{"line":2,"column":18},"end":{"line":2,"column":50}},"2":{"start":{"line":3,"column":14},"end":{"line":3,"column":45}},"3":{"start":{"line":4,"column":16},"end":{"line":4,"column":51}},"4":{"start":{"line":8,"column":0},"end":{"line":27,"column":3}},"5":{"start":{"line":29,"column":0},"end":{"line":29,"column":29}}},"fnMap":{},"branchMap":{},"s":{"0":1,"1":1,"2":1,"3":1,"4":1,"5":1},"f":{},"b":{},"_coverageSchema":"1a1c01bbd47fc00a2c39e90264f33305004495a9","hash":"99a96b2b3711dde1ec15bf276b5f9450474072a7","contentHash":"afde8019be9b617ca0c8bdfeb52f27e40fd725ef4058012291627d8432f95756"},"/home/dexwip/sqlearn/sultan/backend-web/api/test-user/test-user.routes.js":{"path":"/home/dexwip/sqlearn/sultan/backend-web/api/test-user/test-user.routes.js","statementMap":{"0":{"start":{"line":1,"column":16},"end":{"line":1,"column":34}},"1":{"start":{"line":2,"column":15},"end":{"line":2,"column":31}},"2":{"start":{"line":4,"column":27},"end":{"line":4,"column":60}},"3":{"start":{"line":6,"column":0},"end":{"line":6,"column":42}},"4":{"start":{"line":7,"column":0},"end":{"line":7,"column":47}},"5":{"start":{"line":8,"column":0},"end":{"line":8,"column":43}},"6":{"start":{"line":10,"column":0},"end":{"line":10,"column":24}}},"fnMap":{},"branchMap":{},"s":{"0":1,"1":1,"2":1,"3":1,"4":1,"5":1,"6":1},"f":{},"b":{},"_coverageSchema":"1a1c01bbd47fc00a2c39e90264f33305004495a9","hash":"cb3b2cc2235eaed89c57f4ce4a6695d7a5ae2b08","contentHash":"cb47d1644aeff276dbf5211825194a0e0edf69f98919125e1f1b64efbfaded39"},"/home/dexwip/sqlearn/sultan/backend-web/api/test-user/test-user.controller.js":{"path":"/home/dexwip/sqlearn/sultan/backend-web/api/test-user/test-user.controller.js","statementMap":{"0":{"start":{"line":1,"column":14},"end":{"line":1,"column":30}},"1":{"start":{"line":2,"column":18},"end":{"line":2,"column":59}},"2":{"start":{"line":3,"column":18},"end":{"line":3,"column":57}},"3":{"start":{"line":4,"column":17},"end":{"line":4,"column":54}},"4":{"start":{"line":5,"column":23},"end":{"line":5,"column":51}},"5":{"start":{"line":6,"column":32},"end":{"line":6,"column":65}},"6":{"start":{"line":7,"column":15},"end":{"line":7,"column":50}},"7":{"start":{"line":9,"column":0},"end":{"line":96,"column":2}},"8":{"start":{"line":11,"column":26},"end":{"line":20,"column":10}},"9":{"start":{"line":22,"column":8},"end":{"line":22,"column":47}},"10":{"start":{"line":26,"column":33},"end":{"line":26,"column":43}},"11":{"start":{"line":27,"column":21},"end":{"line":27,"column":29}},"12":{"start":{"line":28,"column":27},"end":{"line":35,"column":10}},"13":{"start":{"line":36,"column":8},"end":{"line":36,"column":73}},"14":{"start":{"line":36,"column":25},"end":{"line":36,"column":73}},"15":{"start":{"line":38,"column":35},"end":{"line":45,"column":9}},"16":{"start":{"line":47,"column":8},"end":{"line":54,"column":11}},"17":{"start":{"line":56,"column":8},"end":{"line":56,"column":83}},"18":{"start":{"line":60,"column":26},"end":{"line":71,"column":10}},"19":{"start":{"line":72,"column":28},"end":{"line":72,"column":44}},"20":{"start":{"line":74,"column":30},"end":{"line":79,"column":10}},"21":{"start":{"line":81,"column":28},"end":{"line":90,"column":14}},"22":{"start":{"line":82,"column":12},"end":{"line":82,"column":87}},"23":{"start":{"line":82,"column":39},"end":{"line":82,"column":87}},"24":{"start":{"line":84,"column":12},"end":{"line":87,"column":85}},"25":{"start":{"line":89,"column":12},"end":{"line":89,"column":23}},"26":{"start":{"line":92,"column":22},"end":{"line":92,"column":65}},"27":{"start":{"line":94,"column":8},"end":{"line":94,"column":31}},"28":{"start":{"line":99,"column":20},"end":{"line":99,"column":21}},"29":{"start":{"line":101,"column":25},"end":{"line":101,"column":46}},"30":{"start":{"line":102,"column":4},"end":{"line":106,"column":7}},"31":{"start":{"line":103,"column":8},"end":{"line":105,"column":9}},"32":{"start":{"line":104,"column":12},"end":{"line":104,"column":84}},"33":{"start":{"line":108,"column":23},"end":{"line":108,"column":48}},"34":{"start":{"line":110,"column":4},"end":{"line":110,"column":22}}},"fnMap":{"0":{"name":"(anonymous_0)","decl":{"start":{"line":10,"column":11},"end":{"line":10,"column":12}},"loc":{"start":{"line":10,"column":31},"end":{"line":23,"column":5}},"line":10},"1":{"name":"(anonymous_1)","decl":{"start":{"line":25,"column":12},"end":{"line":25,"column":13}},"loc":{"start":{"line":25,"column":32},"end":{"line":57,"column":5}},"line":25},"2":{"name":"(anonymous_2)","decl":{"start":{"line":59,"column":11},"end":{"line":59,"column":12}},"loc":{"start":{"line":59,"column":31},"end":{"line":95,"column":5}},"line":59},"3":{"name":"(anonymous_3)","decl":{"start":{"line":81,"column":49},"end":{"line":81,"column":50}},"loc":{"start":{"line":81,"column":63},"end":{"line":90,"column":9}},"line":81},"4":{"name":"gradeAssessment","decl":{"start":{"line":98,"column":9},"end":{"line":98,"column":24}},"loc":{"start":{"line":98,"column":50},"end":{"line":111,"column":1}},"line":98},"5":{"name":"(anonymous_5)","decl":{"start":{"line":102,"column":25},"end":{"line":102,"column":26}},"loc":{"start":{"line":102,"column":39},"end":{"line":106,"column":5}},"line":102}},"branchMap":{"0":{"loc":{"start":{"line":36,"column":8},"end":{"line":36,"column":73}},"type":"if","locations":[{"start":{"line":36,"column":8},"end":{"line":36,"column":73}},{"start":{"line":36,"column":8},"end":{"line":36,"column":73}}],"line":36},"1":{"loc":{"start":{"line":82,"column":12},"end":{"line":82,"column":87}},"type":"if","locations":[{"start":{"line":82,"column":12},"end":{"line":82,"column":87}},{"start":{"line":82,"column":12},"end":{"line":82,"column":87}}],"line":82},"2":{"loc":{"start":{"line":85,"column":16},"end":{"line":87,"column":84}},"type":"cond-expr","locations":[{"start":{"line":86,"column":22},"end":{"line":86,"column":47}},{"start":{"line":87,"column":22},"end":{"line":87,"column":84}}],"line":85},"3":{"loc":{"start":{"line":103,"column":8},"end":{"line":105,"column":9}},"type":"if","locations":[{"start":{"line":103,"column":8},"end":{"line":105,"column":9}},{"start":{"line":103,"column":8},"end":{"line":105,"column":9}}],"line":103},"4":{"loc":{"start":{"line":103,"column":12},"end":{"line":103,"column":83}},"type":"binary-expr","locations":[{"start":{"line":103,"column":12},"end":{"line":103,"column":40}},{"start":{"line":103,"column":44},"end":{"line":103,"column":83}}],"line":103}},"s":{"0":1,"1":1,"2":1,"3":1,"4":1,"5":1,"6":1,"7":1,"8":0,"9":0,"10":0,"11":0,"12":0,"13":0,"14":0,"15":0,"16":0,"17":0,"18":0,"19":0,"20":0,"21":0,"22":0,"23":0,"24":0,"25":0,"26":0,"27":0,"28":0,"29":0,"30":0,"31":0,"32":0,"33":0,"34":0},"f":{"0":0,"1":0,"2":0,"3":0,"4":0,"5":0},"b":{"0":[0,0],"1":[0,0],"2":[0,0],"3":[0,0],"4":[0,0]},"_coverageSchema":"1a1c01bbd47fc00a2c39e90264f33305004495a9","hash":"11547a4d2658314b959575eec8dce1fd92e71803","contentHash":"cfec1af932250fa7816ac472a123ac2eda3a8f917dea64941f88ede44627a81d"},"/home/dexwip/sqlearn/sultan/backend-web/api/case-study/case-study.model.js":{"path":"/home/dexwip/sqlearn/sultan/backend-web/api/case-study/case-study.model.js","statementMap":{"0":{"start":{"line":1,"column":29},"end":{"line":1,"column":49}},"1":{"start":{"line":2,"column":18},"end":{"line":2,"column":50}},"2":{"start":{"line":3,"column":15},"end":{"line":3,"column":50}},"3":{"start":{"line":4,"column":13},"end":{"line":4,"column":42}},"4":{"start":{"line":8,"column":0},"end":{"line":39,"column":2}},"5":{"start":{"line":41,"column":0},"end":{"line":41,"column":27}}},"fnMap":{},"branchMap":{},"s":{"0":1,"1":1,"2":1,"3":1,"4":1,"5":1},"f":{},"b":{},"_coverageSchema":"1a1c01bbd47fc00a2c39e90264f33305004495a9","hash":"59f37c35769c2b94737d75b1a5f1e74220fcede9","contentHash":"89037211af580a1ebdf08f9e45f6f8234501f1aa1c9f7fce7736fd3037adb48d"},"/home/dexwip/sqlearn/sultan/backend-web/api/db-list/db-list.model.js":{"path":"/home/dexwip/sqlearn/sultan/backend-web/api/db-list/db-list.model.js","statementMap":{"0":{"start":{"line":1,"column":29},"end":{"line":1,"column":49}},"1":{"start":{"line":2,"column":18},"end":{"line":2,"column":50}},"2":{"start":{"line":6,"column":0},"end":{"line":27,"column":2}},"3":{"start":{"line":29,"column":0},"end":{"line":29,"column":24}}},"fnMap":{},"branchMap":{},"s":{"0":1,"1":1,"2":1,"3":1},"f":{},"b":{},"_coverageSchema":"1a1c01bbd47fc00a2c39e90264f33305004495a9","hash":"30533dc2ff646a57ff9fcc969e805e56c7651d5d","contentHash":"9e9ab7540c2940c87cf8dcd4d5f58f08009727749a352af7ba0a0f7723877d9e"},"/home/dexwip/sqlearn/sultan/backend-web/api/container/container.model.js":{"path":"/home/dexwip/sqlearn/sultan/backend-web/api/container/container.model.js","statementMap":{"0":{"start":{"line":1,"column":29},"end":{"line":1,"column":49}},"1":{"start":{"line":2,"column":18},"end":{"line":2,"column":50}},"2":{"start":{"line":3,"column":13},"end":{"line":3,"column":42}},"3":{"start":{"line":4,"column":22},"end":{"line":4,"column":72}},"4":{"start":{"line":8,"column":0},"end":{"line":38,"column":2}},"5":{"start":{"line":43,"column":0},"end":{"line":43,"column":27}}},"fnMap":{},"branchMap":{},"s":{"0":1,"1":1,"2":1,"3":1,"4":1,"5":1},"f":{},"b":{},"_coverageSchema":"1a1c01bbd47fc00a2c39e90264f33305004495a9","hash":"25cf8d79f2581b58505a90df992612a8316ab352","contentHash":"e5205e5171a990a5f19115e59234b20d7d2807ab4c01e47bdbc687b2fd56052f"},"/home/dexwip/sqlearn/sultan/backend-web/api/questions-label/question-label.model.js":{"path":"/home/dexwip/sqlearn/sultan/backend-web/api/questions-label/question-label.model.js","statementMap":{"0":{"start":{"line":1,"column":29},"end":{"line":1,"column":49}},"1":{"start":{"line":2,"column":18},"end":{"line":2,"column":50}},"2":{"start":{"line":6,"column":0},"end":{"line":23,"column":2}},"3":{"start":{"line":25,"column":0},"end":{"line":25,"column":31}}},"fnMap":{},"branchMap":{},"s":{"0":1,"1":1,"2":1,"3":1},"f":{},"b":{},"_coverageSchema":"1a1c01bbd47fc00a2c39e90264f33305004495a9","hash":"1b434600373033d6f05bde736cdba9420b544ab1","contentHash":"d215626a056b7a3462671e05cd981ef4a416ab6d41acd8a7b2616ca9c290741f"},"/home/dexwip/sqlearn/sultan/backend-web/api/question/question.model.js":{"path":"/home/dexwip/sqlearn/sultan/backend-web/api/question/question.model.js","statementMap":{"0":{"start":{"line":1,"column":29},"end":{"line":1,"column":49}},"1":{"start":{"line":2,"column":18},"end":{"line":2,"column":50}},"2":{"start":{"line":3,"column":18},"end":{"line":3,"column":59}},"3":{"start":{"line":4,"column":22},"end":{"line":4,"column":72}},"4":{"start":{"line":5,"column":13},"end":{"line":5,"column":42}},"5":{"start":{"line":9,"column":0},"end":{"line":59,"column":2}},"6":{"start":{"line":61,"column":0},"end":{"line":61,"column":26}}},"fnMap":{},"branchMap":{},"s":{"0":1,"1":1,"2":1,"3":1,"4":1,"5":1,"6":1},"f":{},"b":{},"_coverageSchema":"1a1c01bbd47fc00a2c39e90264f33305004495a9","hash":"7da57fce000f0708956b4cad91e759ad162763b6","contentHash":"447639b39dd493daabb1815d0cdaf66afe9c5b61199dde7f7ed2952b98cce231"},"/home/dexwip/sqlearn/sultan/backend-web/api/test-user/test-user.model.js":{"path":"/home/dexwip/sqlearn/sultan/backend-web/api/test-user/test-user.model.js","statementMap":{"0":{"start":{"line":1,"column":29},"end":{"line":1,"column":49}},"1":{"start":{"line":2,"column":18},"end":{"line":2,"column":50}},"2":{"start":{"line":3,"column":17},"end":{"line":3,"column":54}},"3":{"start":{"line":7,"column":0},"end":{"line":40,"column":3}},"4":{"start":{"line":42,"column":0},"end":{"line":42,"column":31}}},"fnMap":{},"branchMap":{},"s":{"0":1,"1":1,"2":1,"3":1,"4":1},"f":{},"b":{},"_coverageSchema":"1a1c01bbd47fc00a2c39e90264f33305004495a9","hash":"f242e93e813c97ee7d00e6a79c3d85f9c28125e9","contentHash":"09fa1485515647e3971fbb2a51bd0a83ae95d8fa3111adbc509c412ef30c25f6"},"/home/dexwip/sqlearn/sultan/backend-web/config/endpoints.js":{"path":"/home/dexwip/sqlearn/sultan/backend-web/config/endpoints.js","statementMap":{"0":{"start":{"line":1,"column":0},"end":{"line":3,"column":1}}},"fnMap":{},"branchMap":{},"s":{"0":1},"f":{},"b":{},"_coverageSchema":"1a1c01bbd47fc00a2c39e90264f33305004495a9","hash":"ffbae2dc4bf50e30011d397d893689f8c55735b5","contentHash":"37eaa24181e58422315c8df982861ae4301ab166131fcf20ec37aa66bcf47306"},"/home/dexwip/sqlearn/sultan/backend-web/api/question/question.routes.js":{"path":"/home/dexwip/sqlearn/sultan/backend-web/api/question/question.routes.js","statementMap":{"0":{"start":{"line":1,"column":16},"end":{"line":1,"column":34}},"1":{"start":{"line":2,"column":15},"end":{"line":2,"column":61}},"2":{"start":{"line":3,"column":20},"end":{"line":3,"column":71}},"3":{"start":{"line":4,"column":15},"end":{"line":4,"column":31}},"4":{"start":{"line":6,"column":27},"end":{"line":6,"column":59}},"5":{"start":{"line":7,"column":26},"end":{"line":7,"column":57}},"6":{"start":{"line":9,"column":0},"end":{"line":9,"column":80}},"7":{"start":{"line":10,"column":0},"end":{"line":10,"column":76}},"8":{"start":{"line":11,"column":0},"end":{"line":11,"column":24}},"9":{"start":{"line":12,"column":0},"end":{"line":12,"column":104}},"10":{"start":{"line":13,"column":0},"end":{"line":13,"column":102}},"11":{"start":{"line":14,"column":0},"end":{"line":14,"column":106}},"12":{"start":{"line":15,"column":0},"end":{"line":15,"column":81}},"13":{"start":{"line":17,"column":0},"end":{"line":17,"column":24}}},"fnMap":{},"branchMap":{},"s":{"0":1,"1":1,"2":1,"3":1,"4":1,"5":1,"6":1,"7":1,"8":1,"9":1,"10":1,"11":1,"12":1,"13":1},"f":{},"b":{},"_coverageSchema":"1a1c01bbd47fc00a2c39e90264f33305004495a9","hash":"72bd58a4486ff5e34500915538de80aa276ab9a5","contentHash":"e9707a27f955fd45291391b74522813cc33e0f980f87f0a2c24edfc2e604595c"},"/home/dexwip/sqlearn/sultan/backend-web/middlewares/multer.middleware.js":{"path":"/home/dexwip/sqlearn/sultan/backend-web/middlewares/multer.middleware.js","statementMap":{"0":{"start":{"line":1,"column":23},"end":{"line":1,"column":40}},"1":{"start":{"line":2,"column":11},"end":{"line":2,"column":30}},"2":{"start":{"line":3,"column":15},"end":{"line":3,"column":32}},"3":{"start":{"line":4,"column":13},"end":{"line":4,"column":28}},"4":{"start":{"line":7,"column":19},"end":{"line":7,"column":31}},"5":{"start":{"line":9,"column":4},"end":{"line":11,"column":62}},"6":{"start":{"line":9,"column":33},"end":{"line":9,"column":53}},"7":{"start":{"line":10,"column":9},"end":{"line":11,"column":62}},"8":{"start":{"line":10,"column":45},"end":{"line":10,"column":67}},"9":{"start":{"line":11,"column":9},"end":{"line":11,"column":62}},"10":{"start":{"line":11,"column":40},"end":{"line":11,"column":62}},"11":{"start":{"line":13,"column":4},"end":{"line":13,"column":28}},"12":{"start":{"line":14,"column":4},"end":{"line":14,"column":30}},"13":{"start":{"line":17,"column":16},"end":{"line":22,"column":2}},"14":{"start":{"line":20,"column":8},"end":{"line":20,"column":84}},"15":{"start":{"line":25,"column":20},"end":{"line":25,"column":23}},"16":{"start":{"line":27,"column":4},"end":{"line":31,"column":5}},"17":{"start":{"line":27,"column":33},"end":{"line":27,"column":51}},"18":{"start":{"line":28,"column":9},"end":{"line":31,"column":5}},"19":{"start":{"line":28,"column":45},"end":{"line":28,"column":68}},"20":{"start":{"line":29,"column":9},"end":{"line":31,"column":5}},"21":{"start":{"line":30,"column":8},"end":{"line":30,"column":81}},"22":{"start":{"line":33,"column":4},"end":{"line":33,"column":61}},"23":{"start":{"line":33,"column":39},"end":{"line":33,"column":61}},"24":{"start":{"line":35,"column":4},"end":{"line":35,"column":20}},"25":{"start":{"line":38,"column":15},"end":{"line":41,"column":2}},"26":{"start":{"line":43,"column":0},"end":{"line":43,"column":24}}},"fnMap":{"0":{"name":"fileDest","decl":{"start":{"line":6,"column":9},"end":{"line":6,"column":17}},"loc":{"start":{"line":6,"column":33},"end":{"line":15,"column":1}},"line":6},"1":{"name":"(anonymous_1)","decl":{"start":{"line":19,"column":14},"end":{"line":19,"column":15}},"loc":{"start":{"line":19,"column":33},"end":{"line":21,"column":5}},"line":19},"2":{"name":"fileFilter","decl":{"start":{"line":24,"column":9},"end":{"line":24,"column":19}},"loc":{"start":{"line":24,"column":35},"end":{"line":36,"column":1}},"line":24}},"branchMap":{"0":{"loc":{"start":{"line":9,"column":4},"end":{"line":11,"column":62}},"type":"if","locations":[{"start":{"line":9,"column":4},"end":{"line":11,"column":62}},{"start":{"line":9,"column":4},"end":{"line":11,"column":62}}],"line":9},"1":{"loc":{"start":{"line":10,"column":9},"end":{"line":11,"column":62}},"type":"if","locations":[{"start":{"line":10,"column":9},"end":{"line":11,"column":62}},{"start":{"line":10,"column":9},"end":{"line":11,"column":62}}],"line":10},"2":{"loc":{"start":{"line":11,"column":9},"end":{"line":11,"column":62}},"type":"if","locations":[{"start":{"line":11,"column":9},"end":{"line":11,"column":62}},{"start":{"line":11,"column":9},"end":{"line":11,"column":62}}],"line":11},"3":{"loc":{"start":{"line":27,"column":4},"end":{"line":31,"column":5}},"type":"if","locations":[{"start":{"line":27,"column":4},"end":{"line":31,"column":5}},{"start":{"line":27,"column":4},"end":{"line":31,"column":5}}],"line":27},"4":{"loc":{"start":{"line":28,"column":9},"end":{"line":31,"column":5}},"type":"if","locations":[{"start":{"line":28,"column":9},"end":{"line":31,"column":5}},{"start":{"line":28,"column":9},"end":{"line":31,"column":5}}],"line":28},"5":{"loc":{"start":{"line":29,"column":9},"end":{"line":31,"column":5}},"type":"if","locations":[{"start":{"line":29,"column":9},"end":{"line":31,"column":5}},{"start":{"line":29,"column":9},"end":{"line":31,"column":5}}],"line":29},"6":{"loc":{"start":{"line":33,"column":4},"end":{"line":33,"column":61}},"type":"if","locations":[{"start":{"line":33,"column":4},"end":{"line":33,"column":61}},{"start":{"line":33,"column":4},"end":{"line":33,"column":61}}],"line":33}},"s":{"0":1,"1":1,"2":1,"3":1,"4":0,"5":0,"6":0,"7":0,"8":0,"9":0,"10":0,"11":0,"12":0,"13":1,"14":0,"15":0,"16":0,"17":0,"18":0,"19":0,"20":0,"21":0,"22":0,"23":0,"24":0,"25":1,"26":1},"f":{"0":0,"1":0,"2":0},"b":{"0":[0,0],"1":[0,0],"2":[0,0],"3":[0,0],"4":[0,0],"5":[0,0],"6":[0,0]},"_coverageSchema":"1a1c01bbd47fc00a2c39e90264f33305004495a9","hash":"d9cb87e834b75ad53fe16d3ebb285d06b52921ba","contentHash":"f28af7050d672566b85b68e10c373ddfe8e8ffae3420f96a3378d07593601f30"},"/home/dexwip/sqlearn/sultan/backend-web/api/question/question.controller.js":{"path":"/home/dexwip/sqlearn/sultan/backend-web/api/question/question.controller.js","statementMap":{"0":{"start":{"line":1,"column":29},"end":{"line":1,"column":70}},"1":{"start":{"line":2,"column":24},"end":{"line":2,"column":53}},"2":{"start":{"line":4,"column":0},"end":{"line":49,"column":2}},"3":{"start":{"line":6,"column":23},"end":{"line":6,"column":62}},"4":{"start":{"line":8,"column":8},"end":{"line":8,"column":74}},"5":{"start":{"line":8,"column":38},"end":{"line":8,"column":74}},"6":{"start":{"line":10,"column":8},"end":{"line":10,"column":44}},"7":{"start":{"line":13,"column":23},"end":{"line":13,"column":91}},"8":{"start":{"line":15,"column":8},"end":{"line":15,"column":74}},"9":{"start":{"line":15,"column":38},"end":{"line":15,"column":74}},"10":{"start":{"line":17,"column":8},"end":{"line":17,"column":44}},"11":{"start":{"line":20,"column":23},"end":{"line":20,"column":66}},"12":{"start":{"line":22,"column":8},"end":{"line":22,"column":74}},"13":{"start":{"line":22,"column":38},"end":{"line":22,"column":74}},"14":{"start":{"line":24,"column":8},"end":{"line":24,"column":44}},"15":{"start":{"line":27,"column":8},"end":{"line":27,"column":111}},"16":{"start":{"line":27,"column":23},"end":{"line":27,"column":111}},"17":{"start":{"line":28,"column":23},"end":{"line":28,"column":90}},"18":{"start":{"line":30,"column":8},"end":{"line":30,"column":74}},"19":{"start":{"line":30,"column":38},"end":{"line":30,"column":74}},"20":{"start":{"line":32,"column":8},"end":{"line":32,"column":44}},"21":{"start":{"line":35,"column":8},"end":{"line":35,"column":111}},"22":{"start":{"line":35,"column":23},"end":{"line":35,"column":111}},"23":{"start":{"line":36,"column":23},"end":{"line":36,"column":105}},"24":{"start":{"line":38,"column":8},"end":{"line":38,"column":74}},"25":{"start":{"line":38,"column":38},"end":{"line":38,"column":74}},"26":{"start":{"line":40,"column":8},"end":{"line":40,"column":44}},"27":{"start":{"line":43,"column":23},"end":{"line":43,"column":69}},"28":{"start":{"line":45,"column":8},"end":{"line":45,"column":74}},"29":{"start":{"line":45,"column":38},"end":{"line":45,"column":74}},"30":{"start":{"line":47,"column":8},"end":{"line":47,"column":44}}},"fnMap":{"0":{"name":"(anonymous_0)","decl":{"start":{"line":5,"column":11},"end":{"line":5,"column":12}},"loc":{"start":{"line":5,"column":31},"end":{"line":11,"column":5}},"line":5},"1":{"name":"(anonymous_1)","decl":{"start":{"line":12,"column":18},"end":{"line":12,"column":19}},"loc":{"start":{"line":12,"column":38},"end":{"line":18,"column":5}},"line":12},"2":{"name":"(anonymous_2)","decl":{"start":{"line":19,"column":10},"end":{"line":19,"column":11}},"loc":{"start":{"line":19,"column":30},"end":{"line":25,"column":5}},"line":19},"3":{"name":"(anonymous_3)","decl":{"start":{"line":26,"column":11},"end":{"line":26,"column":12}},"loc":{"start":{"line":26,"column":31},"end":{"line":33,"column":5}},"line":26},"4":{"name":"(anonymous_4)","decl":{"start":{"line":34,"column":12},"end":{"line":34,"column":13}},"loc":{"start":{"line":34,"column":32},"end":{"line":41,"column":5}},"line":34},"5":{"name":"(anonymous_5)","decl":{"start":{"line":42,"column":13},"end":{"line":42,"column":14}},"loc":{"start":{"line":42,"column":33},"end":{"line":48,"column":5}},"line":42}},"branchMap":{"0":{"loc":{"start":{"line":8,"column":8},"end":{"line":8,"column":74}},"type":"if","locations":[{"start":{"line":8,"column":8},"end":{"line":8,"column":74}},{"start":{"line":8,"column":8},"end":{"line":8,"column":74}}],"line":8},"1":{"loc":{"start":{"line":15,"column":8},"end":{"line":15,"column":74}},"type":"if","locations":[{"start":{"line":15,"column":8},"end":{"line":15,"column":74}},{"start":{"line":15,"column":8},"end":{"line":15,"column":74}}],"line":15},"2":{"loc":{"start":{"line":22,"column":8},"end":{"line":22,"column":74}},"type":"if","locations":[{"start":{"line":22,"column":8},"end":{"line":22,"column":74}},{"start":{"line":22,"column":8},"end":{"line":22,"column":74}}],"line":22},"3":{"loc":{"start":{"line":27,"column":8},"end":{"line":27,"column":111}},"type":"if","locations":[{"start":{"line":27,"column":8},"end":{"line":27,"column":111}},{"start":{"line":27,"column":8},"end":{"line":27,"column":111}}],"line":27},"4":{"loc":{"start":{"line":30,"column":8},"end":{"line":30,"column":74}},"type":"if","locations":[{"start":{"line":30,"column":8},"end":{"line":30,"column":74}},{"start":{"line":30,"column":8},"end":{"line":30,"column":74}}],"line":30},"5":{"loc":{"start":{"line":35,"column":8},"end":{"line":35,"column":111}},"type":"if","locations":[{"start":{"line":35,"column":8},"end":{"line":35,"column":111}},{"start":{"line":35,"column":8},"end":{"line":35,"column":111}}],"line":35},"6":{"loc":{"start":{"line":38,"column":8},"end":{"line":38,"column":74}},"type":"if","locations":[{"start":{"line":38,"column":8},"end":{"line":38,"column":74}},{"start":{"line":38,"column":8},"end":{"line":38,"column":74}}],"line":38},"7":{"loc":{"start":{"line":45,"column":8},"end":{"line":45,"column":74}},"type":"if","locations":[{"start":{"line":45,"column":8},"end":{"line":45,"column":74}},{"start":{"line":45,"column":8},"end":{"line":45,"column":74}}],"line":45}},"s":{"0":1,"1":1,"2":1,"3":0,"4":0,"5":0,"6":0,"7":0,"8":0,"9":0,"10":0,"11":0,"12":0,"13":0,"14":0,"15":0,"16":0,"17":0,"18":0,"19":0,"20":0,"21":0,"22":0,"23":0,"24":0,"25":0,"26":0,"27":0,"28":0,"29":0,"30":0},"f":{"0":0,"1":0,"2":0,"3":0,"4":0,"5":0},"b":{"0":[0,0],"1":[0,0],"2":[0,0],"3":[0,0],"4":[0,0],"5":[0,0],"6":[0,0],"7":[0,0]},"_coverageSchema":"1a1c01bbd47fc00a2c39e90264f33305004495a9","hash":"ecfecec1a812716581f705722ffec0b2ab67c0d4","contentHash":"dcf4cb0950838c55ae63c46c0a4b0d74fa1cf1456e0f9dfdfc1d2736816593e8"},"/home/dexwip/sqlearn/sultan/backend-web/api/question/question.service.js":{"path":"/home/dexwip/sqlearn/sultan/backend-web/api/question/question.service.js","statementMap":{"0":{"start":{"line":1,"column":29},"end":{"line":1,"column":70}},"1":{"start":{"line":2,"column":19},"end":{"line":2,"column":50}},"2":{"start":{"line":3,"column":18},"end":{"line":3,"column":59}},"3":{"start":{"line":4,"column":13},"end":{"line":4,"column":42}},"4":{"start":{"line":5,"column":17},"end":{"line":5,"column":44}},"5":{"start":{"line":6,"column":13},"end":{"line":6,"column":28}},"6":{"start":{"line":7,"column":18},"end":{"line":7,"column":57}},"7":{"start":{"line":8,"column":15},"end":{"line":8,"column":35}},"8":{"start":{"line":9,"column":14},"end":{"line":9,"column":30}},"9":{"start":{"line":10,"column":32},"end":{"line":10,"column":65}},"10":{"start":{"line":11,"column":22},"end":{"line":11,"column":72}},"11":{"start":{"line":12,"column":15},"end":{"line":12,"column":50}},"12":{"start":{"line":14,"column":0},"end":{"line":238,"column":2}},"13":{"start":{"line":16,"column":8},"end":{"line":43,"column":9}},"14":{"start":{"line":17,"column":30},"end":{"line":34,"column":14}},"15":{"start":{"line":35,"column":12},"end":{"line":35,"column":101}},"16":{"start":{"line":37,"column":12},"end":{"line":37,"column":31}},"17":{"start":{"line":38,"column":12},"end":{"line":42,"column":14}},"18":{"start":{"line":46,"column":8},"end":{"line":92,"column":9}},"19":{"start":{"line":47,"column":31},"end":{"line":55,"column":14}},"20":{"start":{"line":57,"column":12},"end":{"line":57,"column":75}},"21":{"start":{"li
[...]
33305004495a9","hash":"c4c270270026f2569c86a7c79109330eba5c4873","contentHash":"8efff7f5b8552eaee87fa2c000104caae18ded07556e9dd84c05d7431f0812e1"},"/home/dexwip/sqlearn/sultan/backend-web/api/score/score.controller.js":{"path":"/home/dexwip/sqlearn/sultan/backend-web/api/score/score.controller.js","statementMap":{"0":{"start":{"line":1,"column":21},"end":{"line":1,"column":47}},"1":{"start":{"line":3,"column":0},"end":{"line":51,"column":2}},"2":{"start":{"line":5,"column":43},"end":{"line":5,"column":104}},"3":{"start":{"line":7,"column":8},"end":{"line":7,"column":71}},"4":{"start":{"line":7,"column":22},"end":{"line":7,"column":71}},"5":{"start":{"line":9,"column":8},"end":{"line":9,"column":63}},"6":{"start":{"line":13,"column":43},"end":{"line":13,"column":112}},"7":{"start":{"line":15,"column":8},"end":{"line":15,"column":71}},"8":{"start":{"line":15,"column":22},"end":{"line":15,"column":71}},"9":{"start":{"line":17,"column":8},"end":{"line":17,"column":63}},"10":{"start":{"line":21,"column":43},"end":{"line":21,"column":103}},"11":{"start":{"line":23,"column":8},"end":{"line":23,"column":71}},"12":{"start":{"line":23,"column":22},"end":{"line":23,"column":71}},"13":{"start":{"line":25,"column":8},"end":{"line":25,"column":63}},"14":{"start":{"line":29,"column":43},"end":{"line":29,"column":78}},"15":{"start":{"line":31,"column":8},"end":{"line":31,"column":71}},"16":{"start":{"line":31,"column":22},"end":{"line":31,"column":71}},"17":{"start":{"line":33,"column":8},"end":{"line":33,"column":63}},"18":{"start":{"line":37,"column":43},"end":{"line":37,"column":93}},"19":{"start":{"line":39,"column":8},"end":{"line":39,"column":71}},"20":{"start":{"line":39,"column":22},"end":{"line":39,"column":71}},"21":{"start":{"line":41,"column":8},"end":{"line":41,"column":63}},"22":{"start":{"line":45,"column":37},"end":{"line":45,"column":78}},"23":{"start":{"line":47,"column":8},"end":{"line":47,"column":71}},"24":{"start":{"line":47,"column":22},"end":{"line":47,"column":71}},"25":{"start":{"line":49,"column":8},"end":{"line":49,"column":57}}},"fnMap":{"0":{"name":"(anonymous_0)","decl":{"start":{"line":4,"column":19},"end":{"line":4,"column":20}},"loc":{"start":{"line":4,"column":39},"end":{"line":10,"column":5}},"line":4},"1":{"name":"(anonymous_1)","decl":{"start":{"line":12,"column":16},"end":{"line":12,"column":17}},"loc":{"start":{"line":12,"column":36},"end":{"line":18,"column":5}},"line":12},"2":{"name":"(anonymous_2)","decl":{"start":{"line":20,"column":10},"end":{"line":20,"column":11}},"loc":{"start":{"line":20,"column":30},"end":{"line":26,"column":5}},"line":20},"3":{"name":"(anonymous_3)","decl":{"start":{"line":28,"column":11},"end":{"line":28,"column":12}},"loc":{"start":{"line":28,"column":31},"end":{"line":34,"column":5}},"line":28},"4":{"name":"(anonymous_4)","decl":{"start":{"line":36,"column":12},"end":{"line":36,"column":13}},"loc":{"start":{"line":36,"column":32},"end":{"line":42,"column":5}},"line":36},"5":{"name":"(anonymous_5)","decl":{"start":{"line":44,"column":13},"end":{"line":44,"column":14}},"loc":{"start":{"line":44,"column":33},"end":{"line":50,"column":5}},"line":44}},"branchMap":{"0":{"loc":{"start":{"line":7,"column":8},"end":{"line":7,"column":71}},"type":"if","locations":[{"start":{"line":7,"column":8},"end":{"line":7,"column":71}},{"start":{"line":7,"column":8},"end":{"line":7,"column":71}}],"line":7},"1":{"loc":{"start":{"line":15,"column":8},"end":{"line":15,"column":71}},"type":"if","locations":[{"start":{"line":15,"column":8},"end":{"line":15,"column":71}},{"start":{"line":15,"column":8},"end":{"line":15,"column":71}}],"line":15},"2":{"loc":{"start":{"line":23,"column":8},"end":{"line":23,"column":71}},"type":"if","locations":[{"start":{"line":23,"column":8},"end":{"line":23,"column":71}},{"start":{"line":23,"column":8},"end":{"line":23,"column":71}}],"line":23},"3":{"loc":{"start":{"line":31,"column":8},"end":{"line":31,"column":71}},"type":"if","locations":[{"start":{"line":31,"column":8},"end":{"line":31,"column":71}},{"start":{"line":31,"column":8},"end":{"line":31,"column":71}}],"line":31},"4":{"loc":{"start":{"line":39,"column":8},"end":{"line":39,"column":71}},"type":"if","locations":[{"start":{"line":39,"column":8},"end":{"line":39,"column":71}},{"start":{"line":39,"column":8},"end":{"line":39,"column":71}}],"line":39},"5":{"loc":{"start":{"line":47,"column":8},"end":{"line":47,"column":71}},"type":"if","locations":[{"start":{"line":47,"column":8},"end":{"line":47,"column":71}},{"start":{"line":47,"column":8},"end":{"line":47,"column":71}}],"line":47}},"s":{"0":1,"1":1,"2":0,"3":0,"4":0,"5":0,"6":0,"7":0,"8":0,"9":0,"10":0,"11":0,"12":0,"13":0,"14":0,"15":0,"16":0,"17":0,"18":0,"19":0,"20":0,"21":0,"22":0,"23":0,"24":0,"25":0},"f":{"0":0,"1":0,"2":0,"3":0,"4":0,"5":0},"b":{"0":[0,0],"1":[0,0],"2":[0,0],"3":[0,0],"4":[0,0],"5":[0,0]},"_coverageSchema":"1a1c01bbd47fc00a2c39e90264f33305004495a9","hash":"57970feeab6a937653c479c7e83605885c78cb1a","contentHash":"abb2ef202e9b627115215412f1c7921a287fea0a60c491d1e8b055ff36808446"},"/home/dexwip/sqlearn/sultan/backend-web/api/score/score.service.js":{"path":"/home/dexwip/sqlearn/sultan/backend-web/api/score/score.service.js","statementMap":{"0":{"start":{"line":1,"column":29},"end":{"line":1,"column":70}},"1":{"start":{"line":2,"column":25},"end":{"line":2,"column":58}},"2":{"start":{"line":3,"column":17},"end":{"line":3,"column":54}},"3":{"start":{"line":4,"column":19},"end":{"line":4,"column":50}},"4":{"start":{"line":5,"column":14},"end":{"line":5,"column":38}},"5":{"start":{"line":6,"column":16},"end":{"line":6,"column":51}},"6":{"start":{"line":7,"column":14},"end":{"line":7,"column":45}},"7":{"start":{"line":8,"column":17},"end":{"line":8,"column":54}},"8":{"start":{"line":9,"column":16},"end":{"line":9,"column":51}},"9":{"start":{"line":11,"column":0},"end":{"line":228,"column":2}},"10":{"start":{"line":13,"column":8},"end":{"line":90,"column":9}},"11":{"start":{"line":14,"column":29},"end":{"line":14,"column":31}},"12":{"start":{"line":15,"column":12},"end":{"line":19,"column":13}},"13":{"start":{"line":16,"column":16},"end":{"line":18,"column":18}},"14":{"start":{"line":20,"column":27},"end":{"line":53,"column":14}},"15":{"start":{"line":55,"column":35},"end":{"line":70,"column":18}},"16":{"start":{"line":56,"column":16},"end":{"line":68,"column":17}},"17":{"start":{"line":57,"column":34},"end":{"line":57,"column":47}},"18":{"start":{"line":58,"column":37},"end":{"line":58,"column":68}},"19":{"start":{"line":59,"column":39},"end":{"line":59,"column":69}},"20":{"start":{"line":60,"column":38},"end":{"line":60,"column":73}},"21":{"start":{"line":61,"column":32},"end":{"line":66,"column":21}},"22":{"start":{"line":67,"column":20},"end":{"line":67,"column":40}},"23":{"start":{"line":69,"column":16},"end":{"line":69,"column":27}},"24":{"start":{"line":86,"column":12},"end":{"line":86,"column":96}},"25":{"start":{"line":88,"column":12},"end":{"line":88,"column":31}},"26":{"start":{"line":89,"column":12},"end":{"line":89,"column":78}},"27":{"start":{"line":94,"column":8},"end":{"line":129,"column":9}},"28":{"start":{"line":95,"column":27},"end":{"line":123,"column":14}},"29":{"start":{"line":125,"column":12},"end":{"line":125,"column":88}},"30":{"start":{"line":127,"column":12},"end":{"line":127,"column":33}},"31":{"start":{"line":128,"column":12},"end":{"line":128,"column":78}},"32":{"start":{"line":133,"column":8},"end":{"line":172,"column":9}},"33":{"start":{"line":134,"column":30},"end":{"line":134,"column":61}},"34":{"start":{"line":135,"column":31},"end":{"line":135,"column":64}},"35":{"start":{"line":136,"column":27},"end":{"line":163,"column":14}},"36":{"start":{"line":164,"column":12},"end":{"line":168,"column":15}},"37":{"start":{"line":170,"column":12},"end":{"line":170,"column":33}},"38":{"start":{"line":171,"column":12},"end":{"line":171,"column":83}},"39":{"start":{"line":176,"column":8},"end":{"line":187,"column":9}},"40":{"start":{"line":177,"column":26},"end":{"line":182,"column":14}},"41":{"start":{"line":183,"column":12},"end":{"line":183,"column":89}},"42":{"start":{"line":185,"column":12},"end":{"line":185,"column":31}},"43":{"start":{"line":186,"column":12},"end":{"line":186,"column":78}},"44":{"start":{"line":191,"column":8},"end":{"line":208,"column":9}},"45":{"start":{"line":192,"column":25},"end":{"line":196,"column":14}},"46":{"start":{"line":197,"column":12},"end":{"line":197,"column":92}},"47":{"start":{"line":197,"column":23},"end":{"line":197,"column":92}},"48":{"start":{"line":199,"column":12},"end":{"line":201,"column":15}},"49":{"start":{"line":200,"column":16},"end":{"line":200,"column":38}},"50":{"start":{"line":203,"column":12},"end":{"line":203,"column":30}},"51":{"start":{"line":205,"column":12},"end":{"line":205,"column":85}},"52":{"start":{"line":207,"column":12},"end":{"line":207,"column":77}},"53":{"start":{"line":212,"column":8},"end":{"line":226,"column":9}},"54":{"start":{"line":213,"column":25},"end":{"line":213,"column":48}},"55":{"start":{"line":214,"column":12},"end":{"line":214,"column":89}},"56":{"start":{"line":214,"column":23},"end":{"line":214,"column":89}},"57":{"start":{"line":216,"column":12},"end":{"line":220,"column":15}},"58":{"start":{"line":222,"column":12},"end":{"line":222,"column":76}},"59":{"start":{"line":224,"column":12},"end":{"line":224,"column":31}},"60":{"start":{"line":225,"column":12},"end":{"line":225,"column":74}}},"fnMap":{"0":{"name":"(anonymous_0)","decl":{"start":{"line":12,"column":21},"end":{"line":12,"column":22}},"loc":{"start":{"line":12,"column":51},"end":{"line":91,"column":5}},"line":12},"1":{"name":"(anonymous_1)","decl":{"start":{"line":55,"column":49},"end":{"line":55,"column":50}},"loc":{"start":{"line":55,"column":64},"end":{"line":70,"column":13}},"line":55},"2":{"name":"(anonymous_2)","decl":{"start":{"line":93,"column":19},"end":{"line":93,"column":20}},"loc":{"start":{"line":93,"column":44},"end":{"line":130,"column":5}},"line":93},"3":{"name":"(anonymous_3)","decl":{"start":{"line":132,"column":12},"end":{"line":132,"column":13}},"loc":{"start":{"line":132,"column":41},"end":{"line":173,"column":5}},"line":132},"4":{"name":"(anonymous_4)","decl":{"start":{"line":175,"column":12},"end":{"line":175,"column":13}},"loc":{"start":{"line":175,"column":28},"end":{"line":188,"column":5}},"line":175},"5":{"name":"(anonymous_5)","decl":{"start":{"line":190,"column":12},"end":{"line":190,"column":13}},"loc":{"start":{"line":190,"column":32},"end":{"line":209,"column":5}},"line":190},"6":{"name":"(anonymous_6)","decl":{"start":{"line":199,"column":38},"end":{"line":199,"column":39}},"loc":{"start":{"line":199,"column":47},"end":{"line":201,"column":13}},"line":199},"7":{"name":"(anonymous_7)","decl":{"start":{"line":211,"column":13},"end":{"line":211,"column":14}},"loc":{"start":{"line":211,"column":27},"end":{"line":227,"column":5}},"line":211}},"branchMap":{"0":{"loc":{"start":{"line":12,"column":34},"end":{"line":12,"column":46}},"type":"default-arg","locations":[{"start":{"line":12,"column":42},"end":{"line":12,"column":46}}],"line":12},"1":{"loc":{"start":{"line":15,"column":12},"end":{"line":19,"column":13}},"type":"if","locations":[{"start":{"line":15,"column":12},"end":{"line":19,"column":13}},{"start":{"line":15,"column":12},"end":{"line":19,"column":13}}],"line":15},"2":{"loc":{"start":{"line":56,"column":16},"end":{"line":68,"column":17}},"type":"if","locations":[{"start":{"line":56,"column":16},"end":{"line":68,"column":17}},{"start":{"line":56,"column":16},"end":{"line":68,"column":17}}],"line":56},"3":{"loc":{"start":{"line":197,"column":12},"end":{"line":197,"column":92}},"type":"if","locations":[{"start":{"line":197,"column":12},"end":{"line":197,"column":92}},{"start":{"line":197,"column":12},"end":{"line":197,"column":92}}],"line":197},"4":{"loc":{"start":{"line":214,"column":12},"end":{"line":214,"column":89}},"type":"if","locations":[{"start":{"line":214,"column":12},"end":{"line":214,"column":89}},{"start":{"line":214,"column":12},"end":{"line":214,"column":89}}],"line":214}},"s":{"0":1,"1":1,"2":1,"3":1,"4":1,"5":1,"6":1,"7":1,"8":1,"9":1,"10":0,"11":0,"12":0,"13":0,"14":0,"15":0,"16":0,"17":0,"18":0,"19":0,"20":0,"21":0,"22":0,"23":0,"24":0,"25":0,"26":0,"27":0,"28":0,"29":0,"30":0,"31":0,"32":0,"33":0,"34":0,"35":0,"36":0,"37":0,"38":0,"39":0,"40":0,"41":0,"42":0,"43":0,"44":0,"45":0,"46":0,"47":0,"48":0,"49":0,"50":0,"51":0,"52":0,"53":0,"54":0,"55":0,"56":0,"57":0,"58":0,"59":0,"60":0},"f":{"0":0,"1":0,"2":0,"3":0,"4":0,"5":0,"6":0,"7":0},"b":{"0":[0],"1":[0,0],"2":[0,0],"3":[0,0],"4":[0,0]},"_coverageSchema":"1a1c01bbd47fc00a2c39e90264f33305004495a9","hash":"1fcebaa83ce926dcb00bb33d566c76d4bdf2af35","contentHash":"49ea4e3c136c6d1e281649281cfd5049a51750a0640dc6ae59cc514bab90fb27"},"/home/dexwip/sqlearn/sultan/backend-web/api/modelAssociation.js":{"path":"/home/dexwip/sqlearn/sultan/backend-web/api/modelAssociation.js","statementMap":{"0":{"start":{"line":1,"column":13},"end":{"line":1,"column":41}},"1":{"start":{"line":2,"column":16},"end":{"line":2,"column":50}},"2":{"start":{"line":3,"column":14},"end":{"line":3,"column":44}},"3":{"start":{"line":4,"column":21},"end":{"line":4,"column":67}},"4":{"start":{"line":5,"column":18},"end":{"line":5,"column":58}},"5":{"start":{"line":6,"column":17},"end":{"line":6,"column":53}},"6":{"start":{"line":7,"column":18},"end":{"line":7,"column":56}},"7":{"start":{"line":8,"column":26},"end":{"line":8,"column":82}},"8":{"start":{"line":9,"column":17},"end":{"line":9,"column":53}},"9":{"start":{"line":10,"column":22},"end":{"line":10,"column":70}},"10":{"start":{"line":11,"column":14},"end":{"line":11,"column":44}},"11":{"start":{"line":12,"column":16},"end":{"line":12,"column":50}},"12":{"start":{"line":13,"column":22},"end":{"line":13,"column":71}},"13":{"start":{"line":14,"column":26},"end":{"line":14,"column":84}},"14":{"start":{"line":15,"column":15},"end":{"line":15,"column":49}},"15":{"start":{"line":16,"column":18},"end":{"line":16,"column":58}},"16":{"start":{"line":18,"column":0},"end":{"line":18,"column":47}},"17":{"start":{"line":19,"column":0},"end":{"line":19,"column":51}},"18":{"start":{"line":20,"column":0},"end":{"line":20,"column":50}},"19":{"start":{"line":21,"column":0},"end":{"line":21,"column":50}},"20":{"start":{"line":22,"column":0},"end":{"line":22,"column":51}},"21":{"start":{"line":23,"column":0},"end":{"line":23,"column":61}},"22":{"start":{"line":24,"column":0},"end":{"line":24,"column":53}},"23":{"start":{"line":25,"column":0},"end":{"line":25,"column":55}},"24":{"start":{"line":26,"column":0},"end":{"line":26,"column":57}},"25":{"start":{"line":27,"column":0},"end":{"line":27,"column":55}},"26":{"start":{"line":28,"column":0},"end":{"line":28,"column":60}},"27":{"start":{"line":29,"column":0},"end":{"line":29,"column":65}},"28":{"start":{"line":30,"column":0},"end":{"line":30,"column":67}},"29":{"start":{"line":31,"column":0},"end":{"line":31,"column":60}},"30":{"start":{"line":32,"column":0},"end":{"line":32,"column":61}},"31":{"start":{"line":33,"column":0},"end":{"line":33,"column":56}},"32":{"start":{"line":35,"column":0},"end":{"line":35,"column":49}},"33":{"start":{"line":36,"column":0},"end":{"line":36,"column":53}},"34":{"start":{"line":37,"column":0},"end":{"line":37,"column":58}},"35":{"start":{"line":38,"column":0},"end":{"line":38,"column":52}},"36":{"start":{"line":39,"column":0},"end":{"line":39,"column":52}},"37":{"start":{"line":40,"column":0},"end":{"line":40,"column":53}},"38":{"start":{"line":41,"column":0},"end":{"line":41,"column":63}},"39":{"start":{"line":42,"column":0},"end":{"line":42,"column":63}},"40":{"start":{"line":43,"column":0},"end":{"line":43,"column":62}},"41":{"start":{"line":44,"column":0},"end":{"line":44,"column":55}},"42":{"start":{"line":45,"column":0},"end":{"line":45,"column":57}},"43":{"start":{"line":46,"column":0},"end":{"line":46,"column":59}},"44":{"start":{"line":47,"column":0},"end":{"line":47,"column":57}},"45":{"start":{"line":48,"column":0},"end":{"line":48,"column":62}},"46":{"start":{"line":49,"column":0},"end":{"line":49,"column":67}},"47":{"start":{"line":50,"column":0},"end":{"line":50,"column":69}},"48":{"start":{"line":52,"column":0},"end":{"line":56,"column":3}},"49":{"start":{"line":57,"column":0},"end":{"line":61,"column":3}},"50":{"start":{"line":63,"column":0},"end":{"line":67,"column":3}},"51":{"start":{"line":68,"column":0},"end":{"line":72,"column":3}},"52":{"start":{"line":74,"column":0},"end":{"line":78,"column":3}},"53":{"start":{"line":79,"column":0},"end":{"line":83,"column":3}},"54":{"start":{"line":85,"column":0},"end":{"line":85,"column":80}},"55":{"start":{"line":86,"column":0},"end":{"line":86,"column":80}}},"fnMap":{},"branchMap":{},"s":{"0":1,"1":1,"2":1,"3":1,"4":1,"5":1,"6":1,"7":1,"8":1,"9":1,"10":1,"11":1,"12":1,"13":1,"14":1,"15":1,"16":1,"17":1,"18":1,"19":1,"20":1,"21":1,"22":1,"23":1,"24":1,"25":1,"26":1,"27":1,"28":1,"29":1,"30":1,"31":1,"32":1,"33":1,"34":1,"35":1,"36":1,"37":1,"38":1,"39":1,"40":1,"41":1,"42":1,"43":1,"44":1,"45":1,"46":1,"47":1,"48":1,"49":1,"50":1,"51":1,"52":1,"53":1,"54":1,"55":1},"f":{},"b":{},"_coverageSchema":"1a1c01bbd47fc00a2c39e90264f33305004495a9","hash":"15d23fc72195cb9ada00429695b485f10a1b9e91","contentHash":"8b07e4a521929fcce6e8a1417ccc1126e70a948aafa0dfdc4e73f35da256a700"},"/home/dexwip/sqlearn/sultan/backend-web/api/class-schedule/class-schedule.model.js":{"path":"/home/dexwip/sqlearn/sultan/backend-web/api/class-schedule/class-schedule.model.js","statementMap":{"0":{"start":{"line":1,"column":29},"end":{"line":1,"column":49}},"1":{"start":{"line":2,"column":18},"end":{"line":2,"column":50}},"2":{"start":{"line":3,"column":14},"end":{"line":3,"column":45}},"3":{"start":{"line":4,"column":17},"end":{"line":4,"column":54}},"4":{"start":{"line":8,"column":0},"end":{"line":27,"column":3}},"5":{"start":{"line":29,"column":0},"end":{"line":29,"column":30}}},"fnMap":{},"branchMap":{},"s":{"0":1,"1":1,"2":1,"3":1,"4":1,"5":1},"f":{},"b":{},"_coverageSchema":"1a1c01bbd47fc00a2c39e90264f33305004495a9","hash":"c05623ffcc4bd0e98b7149cf14edb67b29407b90","contentHash":"3b00852f42b0166f9eabf1ab7f9d05f19c553a55d357f3b74758dd0eed91a33d"},"/home/dexwip/sqlearn/sultan/backend-web/api/log-session-student/log-session-student.model.js":{"path":"/home/dexwip/sqlearn/sultan/backend-web/api/log-session-student/log-session-student.model.js","statementMap":{"0":{"start":{"line":1,"column":29},"end":{"line":1,"column":49}},"1":{"start":{"line":2,"column":18},"end":{"line":2,"column":50}},"2":{"start":{"line":3,"column":17},"end":{"line":3,"column":54}},"3":{"start":{"line":4,"column":16},"end":{"line":4,"column":51}},"4":{"start":{"line":8,"column":0},"end":{"line":51,"column":2}},"5":{"start":{"line":53,"column":0},"end":{"line":53,"column":35}}},"fnMap":{},"branchMap":{},"s":{"0":1,"1":1,"2":1,"3":1,"4":1,"5":1},"f":{},"b":{},"_coverageSchema":"1a1c01bbd47fc00a2c39e90264f33305004495a9","hash":"921d883a96ba6ca291c00e3b0eaf15bbc9e35613","contentHash":"bf78bdd9a1d4a44965fb6fddfa316b3b833c691f5d67e9f18624f1299309c6f5"},"/home/dexwip/sqlearn/sultan/backend-web/api/session-db/session-db.model.js":{"path":"/home/dexwip/sqlearn/sultan/backend-web/api/session-db/session-db.model.js","statementMap":{"0":{"start":{"line":1,"column":29},"end":{"line":1,"column":49}},"1":{"start":{"line":2,"column":18},"end":{"line":2,"column":50}},"2":{"start":{"line":3,"column":15},"end":{"line":3,"column":50}},"3":{"start":{"line":4,"column":16},"end":{"line":4,"column":51}},"4":{"start":{"line":8,"column":0},"end":{"line":30,"column":2}},"5":{"start":{"line":32,"column":0},"end":{"line":32,"column":27}}},"fnMap":{},"branchMap":{},"s":{"0":1,"1":1,"2":1,"3":1,"4":1,"5":1},"f":{},"b":{},"_coverageSchema":"1a1c01bbd47fc00a2c39e90264f33305004495a9","hash":"95f442dd2e0f49ca9983e21c992958f6196f7715","contentHash":"08dbb5a5fdaab75364c7b93ec6e9fb78e6b464649b531db4b22197a23b447e9c"}}